[2025-03-27T02:48:27.273+0000] {taskinstance.py:1103} INFO - Dependencies all met for dep_context=non-requeueable deps ti=<TaskInstance: load_geolocation_postgres_to_bq.postgres_to_gcs_batch_0 manual__2025-03-27T02:35:01.732554+00:00 [queued]>
[2025-03-27T02:48:27.280+0000] {taskinstance.py:1103} INFO - Dependencies all met for dep_context=requeueable deps ti=<TaskInstance: load_geolocation_postgres_to_bq.postgres_to_gcs_batch_0 manual__2025-03-27T02:35:01.732554+00:00 [queued]>
[2025-03-27T02:48:27.281+0000] {taskinstance.py:1308} INFO - Starting attempt 3 of 3
[2025-03-27T02:48:27.295+0000] {taskinstance.py:1327} INFO - Executing <Task(PostgresToGCSOperator): postgres_to_gcs_batch_0> on 2025-03-27 02:35:01.732554+00:00
[2025-03-27T02:48:27.304+0000] {standard_task_runner.py:57} INFO - Started process 6445 to run task
[2025-03-27T02:48:27.311+0000] {standard_task_runner.py:84} INFO - Running: ['airflow', 'tasks', 'run', 'load_geolocation_postgres_to_bq', 'postgres_to_gcs_batch_0', 'manual__2025-03-27T02:35:01.732554+00:00', '--job-id', '196', '--raw', '--subdir', 'DAGS_FOLDER/geolocation_postgres_to_bq.py', '--cfg-path', '/tmp/tmpha9jdkjw']
[2025-03-27T02:48:27.315+0000] {standard_task_runner.py:85} INFO - Job 196: Subtask postgres_to_gcs_batch_0
[2025-03-27T02:48:27.365+0000] {logging_mixin.py:149} WARNING - /home/airflow/.local/lib/python3.7/site-packages/airflow/settings.py:195 DeprecationWarning: The sql_alchemy_conn option in [core] has been moved to the sql_alchemy_conn option in [database] - the old setting has been used, but please update your config.
[2025-03-27T02:48:27.472+0000] {task_command.py:410} INFO - Running <TaskInstance: load_geolocation_postgres_to_bq.postgres_to_gcs_batch_0 manual__2025-03-27T02:35:01.732554+00:00 [running]> on host d0664e8a7014
[2025-03-27T02:48:27.579+0000] {taskinstance.py:1547} INFO - Exporting env vars: AIRFLOW_CTX_DAG_OWNER='Blessing Angus' AIRFLOW_CTX_DAG_ID='load_geolocation_postgres_to_bq' AIRFLOW_CTX_TASK_ID='postgres_to_gcs_batch_0' AIRFLOW_CTX_EXECUTION_DATE='2025-03-27T02:35:01.732554+00:00' AIRFLOW_CTX_TRY_NUMBER='3' AIRFLOW_CTX_DAG_RUN_ID='manual__2025-03-27T02:35:01.732554+00:00'
[2025-03-27T02:48:27.581+0000] {sql_to_gcs.py:155} INFO - Executing query
[2025-03-27T02:48:27.622+0000] {base.py:73} INFO - Using connection ID 'postgres_default' for task execution.
[2025-03-27T02:48:27.732+0000] {sql_to_gcs.py:174} INFO - Writing local data files
[2025-03-27T02:48:28.795+0000] {sql_to_gcs.py:180} INFO - Uploading chunk file #0 to GCS.
[2025-03-27T02:48:28.830+0000] {base.py:73} INFO - Using connection ID 'google_cloud_default' for task execution.
[2025-03-27T02:49:30.955+0000] {gcs.py:538} INFO - File /tmp/tmpupmhlffo uploaded to postgres_public/geolocation/batch_0_20250327.json in alt-ecommerce-data bucket
[2025-03-27T02:49:30.990+0000] {sql_to_gcs.py:183} INFO - Removing local file
[2025-03-27T02:49:31.130+0000] {taskinstance.py:1350} INFO - Marking task as SUCCESS. dag_id=load_geolocation_postgres_to_bq, task_id=postgres_to_gcs_batch_0, execution_date=20250327T023501, start_date=20250327T024827, end_date=20250327T024931
[2025-03-27T02:49:31.184+0000] {local_task_job_runner.py:225} INFO - Task exited with return code 0
[2025-03-27T02:49:31.285+0000] {taskinstance.py:2653} INFO - 0 downstream tasks scheduled from follow-on schedule check
