[2025-03-27T04:10:18.711+0000] {taskinstance.py:1103} INFO - Dependencies all met for dep_context=non-requeueable deps ti=<TaskInstance: load_orders_postgres_to_bq.postgres_to_gcs_batch_0 manual__2025-03-27T04:10:15.613442+00:00 [queued]>
[2025-03-27T04:10:18.716+0000] {taskinstance.py:1103} INFO - Dependencies all met for dep_context=requeueable deps ti=<TaskInstance: load_orders_postgres_to_bq.postgres_to_gcs_batch_0 manual__2025-03-27T04:10:15.613442+00:00 [queued]>
[2025-03-27T04:10:18.716+0000] {taskinstance.py:1308} INFO - Starting attempt 1 of 3
[2025-03-27T04:10:18.728+0000] {taskinstance.py:1327} INFO - Executing <Task(PostgresToGCSOperator): postgres_to_gcs_batch_0> on 2025-03-27 04:10:15.613442+00:00
[2025-03-27T04:10:18.734+0000] {standard_task_runner.py:57} INFO - Started process 667 to run task
[2025-03-27T04:10:18.737+0000] {standard_task_runner.py:84} INFO - Running: ['airflow', 'tasks', 'run', 'load_orders_postgres_to_bq', 'postgres_to_gcs_batch_0', 'manual__2025-03-27T04:10:15.613442+00:00', '--job-id', '211', '--raw', '--subdir', 'DAGS_FOLDER/orders_to_bq.py', '--cfg-path', '/tmp/tmpp3_0d1nx']
[2025-03-27T04:10:18.739+0000] {standard_task_runner.py:85} INFO - Job 211: Subtask postgres_to_gcs_batch_0
[2025-03-27T04:10:18.753+0000] {logging_mixin.py:149} WARNING - /home/airflow/.local/lib/python3.7/site-packages/airflow/settings.py:195 DeprecationWarning: The sql_alchemy_conn option in [core] has been moved to the sql_alchemy_conn option in [database] - the old setting has been used, but please update your config.
[2025-03-27T04:10:18.820+0000] {task_command.py:410} INFO - Running <TaskInstance: load_orders_postgres_to_bq.postgres_to_gcs_batch_0 manual__2025-03-27T04:10:15.613442+00:00 [running]> on host d0664e8a7014
[2025-03-27T04:10:18.880+0000] {taskinstance.py:1547} INFO - Exporting env vars: AIRFLOW_CTX_DAG_OWNER='Blessing Angus' AIRFLOW_CTX_DAG_ID='load_orders_postgres_to_bq' AIRFLOW_CTX_TASK_ID='postgres_to_gcs_batch_0' AIRFLOW_CTX_EXECUTION_DATE='2025-03-27T04:10:15.613442+00:00' AIRFLOW_CTX_TRY_NUMBER='1' AIRFLOW_CTX_DAG_RUN_ID='manual__2025-03-27T04:10:15.613442+00:00'
[2025-03-27T04:10:18.881+0000] {sql_to_gcs.py:155} INFO - Executing query
[2025-03-27T04:10:18.900+0000] {base.py:73} INFO - Using connection ID 'postgres_default' for task execution.
[2025-03-27T04:10:19.038+0000] {sql_to_gcs.py:174} INFO - Writing local data files
[2025-03-27T04:10:20.151+0000] {sql_to_gcs.py:180} INFO - Uploading chunk file #0 to GCS.
[2025-03-27T04:10:20.171+0000] {base.py:73} INFO - Using connection ID 'google_cloud_default' for task execution.
[2025-03-27T04:10:55.407+0000] {gcs.py:538} INFO - File /tmp/tmpjl4ale9a uploaded to postgres_public/orders/batch_0_20250327.json in alt-ecommerce-data bucket
[2025-03-27T04:10:55.411+0000] {sql_to_gcs.py:183} INFO - Removing local file
[2025-03-27T04:10:55.486+0000] {taskinstance.py:1350} INFO - Marking task as SUCCESS. dag_id=load_orders_postgres_to_bq, task_id=postgres_to_gcs_batch_0, execution_date=20250327T041015, start_date=20250327T041018, end_date=20250327T041055
[2025-03-27T04:10:55.533+0000] {local_task_job_runner.py:225} INFO - Task exited with return code 0
[2025-03-27T04:10:55.567+0000] {taskinstance.py:2653} INFO - 1 downstream tasks scheduled from follow-on schedule check
