[2025-03-27T01:10:51.487+0000] {taskinstance.py:1103} INFO - Dependencies all met for dep_context=non-requeueable deps ti=<TaskInstance: load_order_reviews_postgres_to_bq.postgres_to_gcs manual__2025-03-27T01:10:49.168762+00:00 [queued]>
[2025-03-27T01:10:51.494+0000] {taskinstance.py:1103} INFO - Dependencies all met for dep_context=requeueable deps ti=<TaskInstance: load_order_reviews_postgres_to_bq.postgres_to_gcs manual__2025-03-27T01:10:49.168762+00:00 [queued]>
[2025-03-27T01:10:51.494+0000] {taskinstance.py:1308} INFO - Starting attempt 1 of 1
[2025-03-27T01:10:51.503+0000] {taskinstance.py:1327} INFO - Executing <Task(PostgresToGCSOperator): postgres_to_gcs> on 2025-03-27 01:10:49.168762+00:00
[2025-03-27T01:10:51.509+0000] {standard_task_runner.py:57} INFO - Started process 3384 to run task
[2025-03-27T01:10:51.518+0000] {standard_task_runner.py:84} INFO - Running: ['airflow', 'tasks', 'run', 'load_order_reviews_postgres_to_bq', 'postgres_to_gcs', 'manual__2025-03-27T01:10:49.168762+00:00', '--job-id', '57', '--raw', '--subdir', 'DAGS_FOLDER/order_reviews_to_bq.py', '--cfg-path', '/tmp/tmpz8y35jge']
[2025-03-27T01:10:51.522+0000] {standard_task_runner.py:85} INFO - Job 57: Subtask postgres_to_gcs
[2025-03-27T01:10:51.540+0000] {logging_mixin.py:149} WARNING - /home/airflow/.local/lib/python3.7/site-packages/airflow/settings.py:195 DeprecationWarning: The sql_alchemy_conn option in [core] has been moved to the sql_alchemy_conn option in [database] - the old setting has been used, but please update your config.
[2025-03-27T01:10:51.593+0000] {task_command.py:410} INFO - Running <TaskInstance: load_order_reviews_postgres_to_bq.postgres_to_gcs manual__2025-03-27T01:10:49.168762+00:00 [running]> on host d0664e8a7014
[2025-03-27T01:10:51.943+0000] {taskinstance.py:1547} INFO - Exporting env vars: AIRFLOW_CTX_DAG_OWNER='Blessing Angus' AIRFLOW_CTX_DAG_ID='load_order_reviews_postgres_to_bq' AIRFLOW_CTX_TASK_ID='postgres_to_gcs' AIRFLOW_CTX_EXECUTION_DATE='2025-03-27T01:10:49.168762+00:00' AIRFLOW_CTX_TRY_NUMBER='1' AIRFLOW_CTX_DAG_RUN_ID='manual__2025-03-27T01:10:49.168762+00:00'
[2025-03-27T01:10:51.944+0000] {sql_to_gcs.py:155} INFO - Executing query
[2025-03-27T01:10:51.954+0000] {base.py:73} INFO - Using connection ID 'postgres_default' for task execution.
[2025-03-27T01:10:52.031+0000] {sql_to_gcs.py:174} INFO - Writing local data files
[2025-03-27T01:10:53.475+0000] {sql_to_gcs.py:180} INFO - Uploading chunk file #0 to GCS.
[2025-03-27T01:10:53.511+0000] {base.py:73} INFO - Using connection ID 'google_cloud_default' for task execution.
[2025-03-27T01:11:47.267+0000] {gcs.py:538} INFO - File /tmp/tmpcayl6tac uploaded to postgres_public/order_reviews/20250327.json in alt-ecommerce-data bucket
[2025-03-27T01:11:47.275+0000] {sql_to_gcs.py:183} INFO - Removing local file
[2025-03-27T01:11:47.418+0000] {taskinstance.py:1350} INFO - Marking task as SUCCESS. dag_id=load_order_reviews_postgres_to_bq, task_id=postgres_to_gcs, execution_date=20250327T011049, start_date=20250327T011051, end_date=20250327T011147
[2025-03-27T01:11:47.475+0000] {local_task_job_runner.py:225} INFO - Task exited with return code 0
[2025-03-27T01:11:47.534+0000] {taskinstance.py:2653} INFO - 1 downstream tasks scheduled from follow-on schedule check
