[2025-03-27T02:30:40.861+0000] {taskinstance.py:1103} INFO - Dependencies all met for dep_context=non-requeueable deps ti=<TaskInstance: load_geolocation_postgres_to_bq.postgres_to_gcs_batch_8 manual__2025-03-27T02:10:46.075313+00:00 [queued]>
[2025-03-27T02:30:40.936+0000] {taskinstance.py:1103} INFO - Dependencies all met for dep_context=requeueable deps ti=<TaskInstance: load_geolocation_postgres_to_bq.postgres_to_gcs_batch_8 manual__2025-03-27T02:10:46.075313+00:00 [queued]>
[2025-03-27T02:30:40.943+0000] {taskinstance.py:1308} INFO - Starting attempt 2 of 3
[2025-03-27T02:30:41.083+0000] {taskinstance.py:1327} INFO - Executing <Task(PostgresToGCSOperator): postgres_to_gcs_batch_8> on 2025-03-27 02:10:46.075313+00:00
[2025-03-27T02:30:41.230+0000] {standard_task_runner.py:57} INFO - Started process 4231 to run task
[2025-03-27T02:30:41.280+0000] {standard_task_runner.py:84} INFO - Running: ['airflow', 'tasks', 'run', 'load_geolocation_postgres_to_bq', 'postgres_to_gcs_batch_8', 'manual__2025-03-27T02:10:46.075313+00:00', '--job-id', '150', '--raw', '--subdir', 'DAGS_FOLDER/geolocation_postgres_to_bq.py', '--cfg-path', '/tmp/tmp0eo70yyg']
[2025-03-27T02:30:41.304+0000] {standard_task_runner.py:85} INFO - Job 150: Subtask postgres_to_gcs_batch_8
[2025-03-27T02:30:41.487+0000] {logging_mixin.py:149} WARNING - /home/airflow/.local/lib/python3.7/site-packages/airflow/settings.py:195 DeprecationWarning: The sql_alchemy_conn option in [core] has been moved to the sql_alchemy_conn option in [database] - the old setting has been used, but please update your config.
[2025-03-27T02:30:41.733+0000] {task_command.py:410} INFO - Running <TaskInstance: load_geolocation_postgres_to_bq.postgres_to_gcs_batch_8 manual__2025-03-27T02:10:46.075313+00:00 [running]> on host d0664e8a7014
[2025-03-27T02:30:41.983+0000] {taskinstance.py:1547} INFO - Exporting env vars: AIRFLOW_CTX_DAG_OWNER='Blessing Angus' AIRFLOW_CTX_DAG_ID='load_geolocation_postgres_to_bq' AIRFLOW_CTX_TASK_ID='postgres_to_gcs_batch_8' AIRFLOW_CTX_EXECUTION_DATE='2025-03-27T02:10:46.075313+00:00' AIRFLOW_CTX_TRY_NUMBER='2' AIRFLOW_CTX_DAG_RUN_ID='manual__2025-03-27T02:10:46.075313+00:00'
[2025-03-27T02:30:41.986+0000] {sql_to_gcs.py:155} INFO - Executing query
[2025-03-27T02:30:42.055+0000] {base.py:73} INFO - Using connection ID 'postgres_default' for task execution.
[2025-03-27T02:30:42.224+0000] {sql_to_gcs.py:174} INFO - Writing local data files
[2025-03-27T02:30:43.632+0000] {sql_to_gcs.py:180} INFO - Uploading chunk file #0 to GCS.
[2025-03-27T02:30:43.670+0000] {base.py:73} INFO - Using connection ID 'google_cloud_default' for task execution.
[2025-03-27T02:32:18.722+0000] {gcs.py:538} INFO - File /tmp/tmp40b5bq_j uploaded to postgres_public/geolocation/batch_8_20250327.json in alt-ecommerce-data bucket
[2025-03-27T02:32:18.735+0000] {sql_to_gcs.py:183} INFO - Removing local file
[2025-03-27T02:32:19.042+0000] {taskinstance.py:1350} INFO - Marking task as SUCCESS. dag_id=load_geolocation_postgres_to_bq, task_id=postgres_to_gcs_batch_8, execution_date=20250327T021046, start_date=20250327T023040, end_date=20250327T023219
[2025-03-27T02:32:19.146+0000] {local_task_job_runner.py:225} INFO - Task exited with return code 0
[2025-03-27T02:32:19.255+0000] {taskinstance.py:2653} INFO - 0 downstream tasks scheduled from follow-on schedule check
