[2025-03-15T22:42:55.001+0000] {taskinstance.py:1103} INFO - Dependencies all met for dep_context=non-requeueable deps ti=<TaskInstance: postgres_to_bigquery_transfer.export_sellers_to_gcs manual__2025-03-15T22:42:31.418665+00:00 [queued]>
[2025-03-15T22:42:55.021+0000] {taskinstance.py:1103} INFO - Dependencies all met for dep_context=requeueable deps ti=<TaskInstance: postgres_to_bigquery_transfer.export_sellers_to_gcs manual__2025-03-15T22:42:31.418665+00:00 [queued]>
[2025-03-15T22:42:55.022+0000] {taskinstance.py:1308} INFO - Starting attempt 1 of 2
[2025-03-15T22:42:55.204+0000] {taskinstance.py:1327} INFO - Executing <Task(PostgresToGCSOperator): export_sellers_to_gcs> on 2025-03-15 22:42:31.418665+00:00
[2025-03-15T22:42:55.323+0000] {standard_task_runner.py:57} INFO - Started process 348 to run task
[2025-03-15T22:42:55.378+0000] {standard_task_runner.py:84} INFO - Running: ['airflow', 'tasks', 'run', 'postgres_to_bigquery_transfer', 'export_sellers_to_gcs', 'manual__2025-03-15T22:42:31.418665+00:00', '--job-id', '18', '--raw', '--subdir', 'DAGS_FOLDER/postgres_to_bigquery_transfer.py', '--cfg-path', '/tmp/tmp_t93t_m1']
[2025-03-15T22:42:55.413+0000] {standard_task_runner.py:85} INFO - Job 18: Subtask export_sellers_to_gcs
[2025-03-15T22:42:55.679+0000] {logging_mixin.py:149} WARNING - /home/airflow/.local/lib/python3.7/site-packages/airflow/settings.py:195 DeprecationWarning: The sql_alchemy_conn option in [core] has been moved to the sql_alchemy_conn option in [database] - the old setting has been used, but please update your config.
[2025-03-15T22:42:56.523+0000] {task_command.py:410} INFO - Running <TaskInstance: postgres_to_bigquery_transfer.export_sellers_to_gcs manual__2025-03-15T22:42:31.418665+00:00 [running]> on host 43c735050f20
[2025-03-15T22:42:57.040+0000] {taskinstance.py:1547} INFO - Exporting env vars: AIRFLOW_CTX_DAG_OWNER='airflow' AIRFLOW_CTX_DAG_ID='postgres_to_bigquery_transfer' AIRFLOW_CTX_TASK_ID='export_sellers_to_gcs' AIRFLOW_CTX_EXECUTION_DATE='2025-03-15T22:42:31.418665+00:00' AIRFLOW_CTX_TRY_NUMBER='1' AIRFLOW_CTX_DAG_RUN_ID='manual__2025-03-15T22:42:31.418665+00:00'
[2025-03-15T22:42:57.058+0000] {sql_to_gcs.py:155} INFO - Executing query
[2025-03-15T22:42:57.275+0000] {base.py:73} INFO - Using connection ID 'postgres_default' for task execution.
[2025-03-15T22:42:57.325+0000] {sql_to_gcs.py:174} INFO - Writing local data files
[2025-03-15T22:42:57.493+0000] {sql_to_gcs.py:180} INFO - Uploading chunk file #0 to GCS.
[2025-03-15T22:42:57.604+0000] {base.py:73} INFO - Using connection ID 'google_cloud_default' for task execution.
[2025-03-15T22:43:57.014+0000] {gcs.py:538} INFO - File /tmp/tmpymmt_k8h uploaded to data/sellers/sellers.json in alt-ecommerce-data bucket
[2025-03-15T22:43:57.094+0000] {sql_to_gcs.py:183} INFO - Removing local file
[2025-03-15T22:43:58.077+0000] {taskinstance.py:1350} INFO - Marking task as SUCCESS. dag_id=postgres_to_bigquery_transfer, task_id=export_sellers_to_gcs, execution_date=20250315T224231, start_date=20250315T224255, end_date=20250315T224358
[2025-03-15T22:43:58.309+0000] {local_task_job_runner.py:225} INFO - Task exited with return code 0
[2025-03-15T22:43:58.953+0000] {taskinstance.py:2653} INFO - 1 downstream tasks scheduled from follow-on schedule check
