[2025-03-15T22:57:16.364+0000] {processor.py:157} INFO - Started process (PID=172) to work on /opt/airflow/dags/transfer_to_bq.py
[2025-03-15T22:57:16.389+0000] {processor.py:826} INFO - Processing file /opt/airflow/dags/transfer_to_bq.py for tasks to queue
[2025-03-15T22:57:16.415+0000] {logging_mixin.py:149} INFO - [2025-03-15T22:57:16.415+0000] {dagbag.py:541} INFO - Filling up the DagBag from /opt/airflow/dags/transfer_to_bq.py
[2025-03-15T22:57:17.654+0000] {logging_mixin.py:149} WARNING - /home/airflow/.local/lib/python3.7/site-packages/airflow/models/baseoperator.py:429 AirflowProviderDeprecationWarning: `exists_ok` parameter is deprecated, please use `if_exists`
[2025-03-15T22:57:17.672+0000] {logging_mixin.py:149} INFO - [2025-03-15T22:57:17.663+0000] {dagbag.py:350} ERROR - Failed to import: /opt/airflow/dags/transfer_to_bq.py
Traceback (most recent call last):
  File "/home/airflow/.local/lib/python3.7/site-packages/airflow/models/dagbag.py", line 346, in parse
    loader.exec_module(new_module)
  File "<frozen importlib._bootstrap_external>", line 728, in exec_module
  File "<frozen importlib._bootstrap>", line 219, in _call_with_frames_removed
  File "/opt/airflow/dags/transfer_to_bq.py", line 74, in <module>
    retries=3,
  File "/home/airflow/.local/lib/python3.7/site-packages/airflow/models/baseoperator.py", line 429, in apply_defaults
    result = func(self, **kwargs, default_args=default_args)
  File "/home/airflow/.local/lib/python3.7/site-packages/airflow/providers/google/cloud/transfers/postgres_to_gcs.py", line 105, in __init__
    super().__init__(**kwargs)
  File "/home/airflow/.local/lib/python3.7/site-packages/airflow/models/baseoperator.py", line 429, in apply_defaults
    result = func(self, **kwargs, default_args=default_args)
  File "/home/airflow/.local/lib/python3.7/site-packages/airflow/providers/google/cloud/transfers/sql_to_gcs.py", line 124, in __init__
    super().__init__(**kwargs)
  File "/home/airflow/.local/lib/python3.7/site-packages/airflow/models/baseoperator.py", line 429, in apply_defaults
    result = func(self, **kwargs, default_args=default_args)
  File "/home/airflow/.local/lib/python3.7/site-packages/airflow/models/baseoperator.py", line 789, in __init__
    f"Invalid arguments were passed to {self.__class__.__name__} (task_id: {task_id}). "
airflow.exceptions.AirflowException: Invalid arguments were passed to PostgresToGCSOperator (task_id: export_customers_to_gcs). Invalid arguments were:
**kwargs: {'batch_size': 10000}
[2025-03-15T22:57:17.675+0000] {processor.py:838} WARNING - No viable dags retrieved from /opt/airflow/dags/transfer_to_bq.py
[2025-03-15T22:57:17.876+0000] {processor.py:179} INFO - Processing /opt/airflow/dags/transfer_to_bq.py took 1.625 seconds
[2025-03-15T22:57:48.974+0000] {processor.py:157} INFO - Started process (PID=187) to work on /opt/airflow/dags/transfer_to_bq.py
[2025-03-15T22:57:49.013+0000] {processor.py:826} INFO - Processing file /opt/airflow/dags/transfer_to_bq.py for tasks to queue
[2025-03-15T22:57:49.166+0000] {logging_mixin.py:149} INFO - [2025-03-15T22:57:49.164+0000] {dagbag.py:541} INFO - Filling up the DagBag from /opt/airflow/dags/transfer_to_bq.py
[2025-03-15T22:57:49.423+0000] {logging_mixin.py:149} WARNING - /home/airflow/.local/lib/python3.7/site-packages/airflow/models/baseoperator.py:429 AirflowProviderDeprecationWarning: `exists_ok` parameter is deprecated, please use `if_exists`
[2025-03-15T22:57:49.614+0000] {logging_mixin.py:149} INFO - [2025-03-15T22:57:49.523+0000] {dagbag.py:350} ERROR - Failed to import: /opt/airflow/dags/transfer_to_bq.py
Traceback (most recent call last):
  File "/home/airflow/.local/lib/python3.7/site-packages/airflow/models/dagbag.py", line 346, in parse
    loader.exec_module(new_module)
  File "<frozen importlib._bootstrap_external>", line 728, in exec_module
  File "<frozen importlib._bootstrap>", line 219, in _call_with_frames_removed
  File "/opt/airflow/dags/transfer_to_bq.py", line 74, in <module>
    retries=3,
  File "/home/airflow/.local/lib/python3.7/site-packages/airflow/models/baseoperator.py", line 429, in apply_defaults
    result = func(self, **kwargs, default_args=default_args)
  File "/home/airflow/.local/lib/python3.7/site-packages/airflow/providers/google/cloud/transfers/postgres_to_gcs.py", line 105, in __init__
    super().__init__(**kwargs)
  File "/home/airflow/.local/lib/python3.7/site-packages/airflow/models/baseoperator.py", line 429, in apply_defaults
    result = func(self, **kwargs, default_args=default_args)
  File "/home/airflow/.local/lib/python3.7/site-packages/airflow/providers/google/cloud/transfers/sql_to_gcs.py", line 124, in __init__
    super().__init__(**kwargs)
  File "/home/airflow/.local/lib/python3.7/site-packages/airflow/models/baseoperator.py", line 429, in apply_defaults
    result = func(self, **kwargs, default_args=default_args)
  File "/home/airflow/.local/lib/python3.7/site-packages/airflow/models/baseoperator.py", line 789, in __init__
    f"Invalid arguments were passed to {self.__class__.__name__} (task_id: {task_id}). "
airflow.exceptions.AirflowException: Invalid arguments were passed to PostgresToGCSOperator (task_id: export_customers_to_gcs). Invalid arguments were:
**kwargs: {'batch_size': 10000}
[2025-03-15T22:57:49.614+0000] {processor.py:838} WARNING - No viable dags retrieved from /opt/airflow/dags/transfer_to_bq.py
[2025-03-15T22:57:50.566+0000] {processor.py:179} INFO - Processing /opt/airflow/dags/transfer_to_bq.py took 1.853 seconds
[2025-03-15T22:58:21.289+0000] {processor.py:157} INFO - Started process (PID=202) to work on /opt/airflow/dags/transfer_to_bq.py
[2025-03-15T22:58:21.291+0000] {processor.py:826} INFO - Processing file /opt/airflow/dags/transfer_to_bq.py for tasks to queue
[2025-03-15T22:58:21.301+0000] {logging_mixin.py:149} INFO - [2025-03-15T22:58:21.301+0000] {dagbag.py:541} INFO - Filling up the DagBag from /opt/airflow/dags/transfer_to_bq.py
[2025-03-15T22:58:21.375+0000] {logging_mixin.py:149} WARNING - /home/airflow/.local/lib/python3.7/site-packages/airflow/models/baseoperator.py:429 AirflowProviderDeprecationWarning: `exists_ok` parameter is deprecated, please use `if_exists`
[2025-03-15T22:58:21.408+0000] {logging_mixin.py:149} INFO - [2025-03-15T22:58:21.394+0000] {dagbag.py:350} ERROR - Failed to import: /opt/airflow/dags/transfer_to_bq.py
Traceback (most recent call last):
  File "/home/airflow/.local/lib/python3.7/site-packages/airflow/models/dagbag.py", line 346, in parse
    loader.exec_module(new_module)
  File "<frozen importlib._bootstrap_external>", line 728, in exec_module
  File "<frozen importlib._bootstrap>", line 219, in _call_with_frames_removed
  File "/opt/airflow/dags/transfer_to_bq.py", line 74, in <module>
    retries=3,
  File "/home/airflow/.local/lib/python3.7/site-packages/airflow/models/baseoperator.py", line 429, in apply_defaults
    result = func(self, **kwargs, default_args=default_args)
  File "/home/airflow/.local/lib/python3.7/site-packages/airflow/providers/google/cloud/transfers/postgres_to_gcs.py", line 105, in __init__
    super().__init__(**kwargs)
  File "/home/airflow/.local/lib/python3.7/site-packages/airflow/models/baseoperator.py", line 429, in apply_defaults
    result = func(self, **kwargs, default_args=default_args)
  File "/home/airflow/.local/lib/python3.7/site-packages/airflow/providers/google/cloud/transfers/sql_to_gcs.py", line 124, in __init__
    super().__init__(**kwargs)
  File "/home/airflow/.local/lib/python3.7/site-packages/airflow/models/baseoperator.py", line 429, in apply_defaults
    result = func(self, **kwargs, default_args=default_args)
  File "/home/airflow/.local/lib/python3.7/site-packages/airflow/models/baseoperator.py", line 789, in __init__
    f"Invalid arguments were passed to {self.__class__.__name__} (task_id: {task_id}). "
airflow.exceptions.AirflowException: Invalid arguments were passed to PostgresToGCSOperator (task_id: export_customers_to_gcs). Invalid arguments were:
**kwargs: {'batch_size': 10000}
[2025-03-15T22:58:21.413+0000] {processor.py:838} WARNING - No viable dags retrieved from /opt/airflow/dags/transfer_to_bq.py
[2025-03-15T22:58:21.571+0000] {processor.py:179} INFO - Processing /opt/airflow/dags/transfer_to_bq.py took 0.308 seconds
[2025-03-15T22:58:43.585+0000] {processor.py:157} INFO - Started process (PID=217) to work on /opt/airflow/dags/transfer_to_bq.py
[2025-03-15T22:58:43.589+0000] {processor.py:826} INFO - Processing file /opt/airflow/dags/transfer_to_bq.py for tasks to queue
[2025-03-15T22:58:43.605+0000] {logging_mixin.py:149} INFO - [2025-03-15T22:58:43.604+0000] {dagbag.py:541} INFO - Filling up the DagBag from /opt/airflow/dags/transfer_to_bq.py
[2025-03-15T22:58:43.634+0000] {logging_mixin.py:149} WARNING - /home/airflow/.local/lib/python3.7/site-packages/airflow/models/baseoperator.py:429 AirflowProviderDeprecationWarning: `exists_ok` parameter is deprecated, please use `if_exists`
[2025-03-15T22:58:43.657+0000] {processor.py:836} INFO - DAG(s) dict_keys(['postgres_to_bigquery_transfer']) retrieved from /opt/airflow/dags/transfer_to_bq.py
[2025-03-15T22:58:43.996+0000] {logging_mixin.py:149} INFO - [2025-03-15T22:58:43.996+0000] {dag.py:2726} INFO - Sync 1 DAGs
[2025-03-15T22:58:44.011+0000] {logging_mixin.py:149} INFO - [2025-03-15T22:58:44.011+0000] {dag.py:3490} INFO - Setting next_dagrun for postgres_to_bigquery_transfer to None, run_after=None
[2025-03-15T22:58:44.025+0000] {processor.py:179} INFO - Processing /opt/airflow/dags/transfer_to_bq.py took 0.462 seconds
[2025-03-15T22:58:47.223+0000] {processor.py:157} INFO - Started process (PID=222) to work on /opt/airflow/dags/transfer_to_bq.py
[2025-03-15T22:58:47.226+0000] {processor.py:826} INFO - Processing file /opt/airflow/dags/transfer_to_bq.py for tasks to queue
[2025-03-15T22:58:47.239+0000] {logging_mixin.py:149} INFO - [2025-03-15T22:58:47.239+0000] {dagbag.py:541} INFO - Filling up the DagBag from /opt/airflow/dags/transfer_to_bq.py
[2025-03-15T22:58:47.284+0000] {logging_mixin.py:149} WARNING - /home/airflow/.local/lib/python3.7/site-packages/airflow/models/baseoperator.py:429 AirflowProviderDeprecationWarning: `exists_ok` parameter is deprecated, please use `if_exists`
[2025-03-15T22:58:47.343+0000] {processor.py:836} INFO - DAG(s) dict_keys(['postgres_to_bigquery_transfer']) retrieved from /opt/airflow/dags/transfer_to_bq.py
[2025-03-15T22:58:47.385+0000] {logging_mixin.py:149} INFO - [2025-03-15T22:58:47.384+0000] {dag.py:2726} INFO - Sync 1 DAGs
[2025-03-15T22:58:47.418+0000] {logging_mixin.py:149} INFO - [2025-03-15T22:58:47.418+0000] {dag.py:3490} INFO - Setting next_dagrun for postgres_to_bigquery_transfer to None, run_after=None
[2025-03-15T22:58:47.432+0000] {processor.py:179} INFO - Processing /opt/airflow/dags/transfer_to_bq.py took 0.233 seconds
[2025-03-15T22:58:52.360+0000] {processor.py:157} INFO - Started process (PID=227) to work on /opt/airflow/dags/transfer_to_bq.py
[2025-03-15T22:58:52.361+0000] {processor.py:826} INFO - Processing file /opt/airflow/dags/transfer_to_bq.py for tasks to queue
[2025-03-15T22:58:52.371+0000] {logging_mixin.py:149} INFO - [2025-03-15T22:58:52.370+0000] {dagbag.py:541} INFO - Filling up the DagBag from /opt/airflow/dags/transfer_to_bq.py
[2025-03-15T22:58:52.406+0000] {logging_mixin.py:149} WARNING - /home/airflow/.local/lib/python3.7/site-packages/airflow/models/baseoperator.py:429 AirflowProviderDeprecationWarning: `exists_ok` parameter is deprecated, please use `if_exists`
[2025-03-15T22:58:52.419+0000] {processor.py:836} INFO - DAG(s) dict_keys(['postgres_to_bigquery_transfer']) retrieved from /opt/airflow/dags/transfer_to_bq.py
[2025-03-15T22:58:52.505+0000] {logging_mixin.py:149} INFO - [2025-03-15T22:58:52.503+0000] {dag.py:2726} INFO - Sync 1 DAGs
[2025-03-15T22:58:52.570+0000] {logging_mixin.py:149} INFO - [2025-03-15T22:58:52.570+0000] {dag.py:3490} INFO - Setting next_dagrun for postgres_to_bigquery_transfer to None, run_after=None
[2025-03-15T22:58:52.588+0000] {processor.py:179} INFO - Processing /opt/airflow/dags/transfer_to_bq.py took 0.241 seconds
[2025-03-15T22:58:54.758+0000] {processor.py:157} INFO - Started process (PID=242) to work on /opt/airflow/dags/transfer_to_bq.py
[2025-03-15T22:58:54.764+0000] {processor.py:826} INFO - Processing file /opt/airflow/dags/transfer_to_bq.py for tasks to queue
[2025-03-15T22:58:54.768+0000] {logging_mixin.py:149} INFO - [2025-03-15T22:58:54.767+0000] {dagbag.py:541} INFO - Filling up the DagBag from /opt/airflow/dags/transfer_to_bq.py
[2025-03-15T22:58:54.787+0000] {logging_mixin.py:149} WARNING - /home/airflow/.local/lib/python3.7/site-packages/airflow/models/baseoperator.py:429 AirflowProviderDeprecationWarning: `exists_ok` parameter is deprecated, please use `if_exists`
[2025-03-15T22:58:54.803+0000] {processor.py:836} INFO - DAG(s) dict_keys(['postgres_to_bigquery_transfer']) retrieved from /opt/airflow/dags/transfer_to_bq.py
[2025-03-15T22:58:54.834+0000] {logging_mixin.py:149} INFO - [2025-03-15T22:58:54.833+0000] {dag.py:2726} INFO - Sync 1 DAGs
[2025-03-15T22:58:54.856+0000] {logging_mixin.py:149} INFO - [2025-03-15T22:58:54.856+0000] {dag.py:3490} INFO - Setting next_dagrun for postgres_to_bigquery_transfer to None, run_after=None
[2025-03-15T22:58:54.870+0000] {processor.py:179} INFO - Processing /opt/airflow/dags/transfer_to_bq.py took 0.117 seconds
[2025-03-15T22:59:30.867+0000] {processor.py:157} INFO - Started process (PID=172) to work on /opt/airflow/dags/transfer_to_bq.py
[2025-03-15T22:59:30.869+0000] {processor.py:826} INFO - Processing file /opt/airflow/dags/transfer_to_bq.py for tasks to queue
[2025-03-15T22:59:30.882+0000] {logging_mixin.py:149} INFO - [2025-03-15T22:59:30.881+0000] {dagbag.py:541} INFO - Filling up the DagBag from /opt/airflow/dags/transfer_to_bq.py
[2025-03-15T22:59:30.904+0000] {logging_mixin.py:149} WARNING - /home/airflow/.local/lib/python3.7/site-packages/airflow/models/baseoperator.py:429 AirflowProviderDeprecationWarning: `exists_ok` parameter is deprecated, please use `if_exists`
[2025-03-15T22:59:30.955+0000] {processor.py:836} INFO - DAG(s) dict_keys(['postgres_to_bigquery_transfer']) retrieved from /opt/airflow/dags/transfer_to_bq.py
[2025-03-15T22:59:31.007+0000] {logging_mixin.py:149} INFO - [2025-03-15T22:59:31.007+0000] {dag.py:2726} INFO - Sync 1 DAGs
[2025-03-15T22:59:31.041+0000] {logging_mixin.py:149} INFO - [2025-03-15T22:59:31.041+0000] {dag.py:3490} INFO - Setting next_dagrun for postgres_to_bigquery_transfer to None, run_after=None
[2025-03-15T22:59:31.074+0000] {processor.py:179} INFO - Processing /opt/airflow/dags/transfer_to_bq.py took 0.212 seconds
[2025-03-15T23:00:01.644+0000] {processor.py:157} INFO - Started process (PID=187) to work on /opt/airflow/dags/transfer_to_bq.py
[2025-03-15T23:00:01.645+0000] {processor.py:826} INFO - Processing file /opt/airflow/dags/transfer_to_bq.py for tasks to queue
[2025-03-15T23:00:01.655+0000] {logging_mixin.py:149} INFO - [2025-03-15T23:00:01.654+0000] {dagbag.py:541} INFO - Filling up the DagBag from /opt/airflow/dags/transfer_to_bq.py
[2025-03-15T23:00:01.679+0000] {logging_mixin.py:149} WARNING - /home/airflow/.local/lib/python3.7/site-packages/airflow/models/baseoperator.py:429 AirflowProviderDeprecationWarning: `exists_ok` parameter is deprecated, please use `if_exists`
[2025-03-15T23:00:01.720+0000] {processor.py:836} INFO - DAG(s) dict_keys(['postgres_to_bigquery_transfer']) retrieved from /opt/airflow/dags/transfer_to_bq.py
[2025-03-15T23:00:02.070+0000] {logging_mixin.py:149} INFO - [2025-03-15T23:00:02.070+0000] {dag.py:2726} INFO - Sync 1 DAGs
[2025-03-15T23:00:02.094+0000] {logging_mixin.py:149} INFO - [2025-03-15T23:00:02.094+0000] {dag.py:3490} INFO - Setting next_dagrun for postgres_to_bigquery_transfer to None, run_after=None
[2025-03-15T23:00:02.116+0000] {processor.py:179} INFO - Processing /opt/airflow/dags/transfer_to_bq.py took 0.481 seconds
[2025-03-15T23:00:32.641+0000] {processor.py:157} INFO - Started process (PID=202) to work on /opt/airflow/dags/transfer_to_bq.py
[2025-03-15T23:00:32.644+0000] {processor.py:826} INFO - Processing file /opt/airflow/dags/transfer_to_bq.py for tasks to queue
[2025-03-15T23:00:32.649+0000] {logging_mixin.py:149} INFO - [2025-03-15T23:00:32.649+0000] {dagbag.py:541} INFO - Filling up the DagBag from /opt/airflow/dags/transfer_to_bq.py
[2025-03-15T23:00:32.667+0000] {logging_mixin.py:149} WARNING - /home/airflow/.local/lib/python3.7/site-packages/airflow/models/baseoperator.py:429 AirflowProviderDeprecationWarning: `exists_ok` parameter is deprecated, please use `if_exists`
[2025-03-15T23:00:32.689+0000] {processor.py:836} INFO - DAG(s) dict_keys(['postgres_to_bigquery_transfer']) retrieved from /opt/airflow/dags/transfer_to_bq.py
[2025-03-15T23:00:32.753+0000] {logging_mixin.py:149} INFO - [2025-03-15T23:00:32.753+0000] {dag.py:2726} INFO - Sync 1 DAGs
[2025-03-15T23:00:32.784+0000] {logging_mixin.py:149} INFO - [2025-03-15T23:00:32.784+0000] {dag.py:3490} INFO - Setting next_dagrun for postgres_to_bigquery_transfer to None, run_after=None
[2025-03-15T23:00:32.817+0000] {processor.py:179} INFO - Processing /opt/airflow/dags/transfer_to_bq.py took 0.188 seconds
[2025-03-15T23:01:03.499+0000] {processor.py:157} INFO - Started process (PID=217) to work on /opt/airflow/dags/transfer_to_bq.py
[2025-03-15T23:01:03.500+0000] {processor.py:826} INFO - Processing file /opt/airflow/dags/transfer_to_bq.py for tasks to queue
[2025-03-15T23:01:03.506+0000] {logging_mixin.py:149} INFO - [2025-03-15T23:01:03.506+0000] {dagbag.py:541} INFO - Filling up the DagBag from /opt/airflow/dags/transfer_to_bq.py
[2025-03-15T23:01:03.520+0000] {logging_mixin.py:149} WARNING - /home/airflow/.local/lib/python3.7/site-packages/airflow/models/baseoperator.py:429 AirflowProviderDeprecationWarning: `exists_ok` parameter is deprecated, please use `if_exists`
[2025-03-15T23:01:03.544+0000] {processor.py:836} INFO - DAG(s) dict_keys(['postgres_to_bigquery_transfer']) retrieved from /opt/airflow/dags/transfer_to_bq.py
[2025-03-15T23:01:03.698+0000] {logging_mixin.py:149} INFO - [2025-03-15T23:01:03.698+0000] {dag.py:2726} INFO - Sync 1 DAGs
[2025-03-15T23:01:03.712+0000] {logging_mixin.py:149} INFO - [2025-03-15T23:01:03.712+0000] {dag.py:3490} INFO - Setting next_dagrun for postgres_to_bigquery_transfer to None, run_after=None
[2025-03-15T23:01:03.732+0000] {processor.py:179} INFO - Processing /opt/airflow/dags/transfer_to_bq.py took 0.241 seconds
[2025-03-15T23:01:34.408+0000] {processor.py:157} INFO - Started process (PID=232) to work on /opt/airflow/dags/transfer_to_bq.py
[2025-03-15T23:01:34.412+0000] {processor.py:826} INFO - Processing file /opt/airflow/dags/transfer_to_bq.py for tasks to queue
[2025-03-15T23:01:34.424+0000] {logging_mixin.py:149} INFO - [2025-03-15T23:01:34.423+0000] {dagbag.py:541} INFO - Filling up the DagBag from /opt/airflow/dags/transfer_to_bq.py
[2025-03-15T23:01:34.448+0000] {logging_mixin.py:149} WARNING - /home/airflow/.local/lib/python3.7/site-packages/airflow/models/baseoperator.py:429 AirflowProviderDeprecationWarning: `exists_ok` parameter is deprecated, please use `if_exists`
[2025-03-15T23:01:34.479+0000] {processor.py:836} INFO - DAG(s) dict_keys(['postgres_to_bigquery_transfer']) retrieved from /opt/airflow/dags/transfer_to_bq.py
[2025-03-15T23:01:34.573+0000] {logging_mixin.py:149} INFO - [2025-03-15T23:01:34.572+0000] {dag.py:2726} INFO - Sync 1 DAGs
[2025-03-15T23:01:34.613+0000] {logging_mixin.py:149} INFO - [2025-03-15T23:01:34.612+0000] {dag.py:3490} INFO - Setting next_dagrun for postgres_to_bigquery_transfer to None, run_after=None
[2025-03-15T23:01:34.640+0000] {processor.py:179} INFO - Processing /opt/airflow/dags/transfer_to_bq.py took 0.246 seconds
[2025-03-15T23:02:05.515+0000] {processor.py:157} INFO - Started process (PID=247) to work on /opt/airflow/dags/transfer_to_bq.py
[2025-03-15T23:02:05.517+0000] {processor.py:826} INFO - Processing file /opt/airflow/dags/transfer_to_bq.py for tasks to queue
[2025-03-15T23:02:05.538+0000] {logging_mixin.py:149} INFO - [2025-03-15T23:02:05.538+0000] {dagbag.py:541} INFO - Filling up the DagBag from /opt/airflow/dags/transfer_to_bq.py
[2025-03-15T23:02:05.599+0000] {logging_mixin.py:149} WARNING - /home/airflow/.local/lib/python3.7/site-packages/airflow/models/baseoperator.py:429 AirflowProviderDeprecationWarning: `exists_ok` parameter is deprecated, please use `if_exists`
[2025-03-15T23:02:05.672+0000] {processor.py:836} INFO - DAG(s) dict_keys(['postgres_to_bigquery_transfer']) retrieved from /opt/airflow/dags/transfer_to_bq.py
[2025-03-15T23:02:06.083+0000] {logging_mixin.py:149} INFO - [2025-03-15T23:02:06.082+0000] {dag.py:2726} INFO - Sync 1 DAGs
[2025-03-15T23:02:06.127+0000] {logging_mixin.py:149} INFO - [2025-03-15T23:02:06.127+0000] {dag.py:3490} INFO - Setting next_dagrun for postgres_to_bigquery_transfer to None, run_after=None
[2025-03-15T23:02:06.170+0000] {processor.py:179} INFO - Processing /opt/airflow/dags/transfer_to_bq.py took 0.675 seconds
[2025-03-15T23:02:36.770+0000] {processor.py:157} INFO - Started process (PID=262) to work on /opt/airflow/dags/transfer_to_bq.py
[2025-03-15T23:02:36.772+0000] {processor.py:826} INFO - Processing file /opt/airflow/dags/transfer_to_bq.py for tasks to queue
[2025-03-15T23:02:36.783+0000] {logging_mixin.py:149} INFO - [2025-03-15T23:02:36.783+0000] {dagbag.py:541} INFO - Filling up the DagBag from /opt/airflow/dags/transfer_to_bq.py
[2025-03-15T23:02:36.801+0000] {logging_mixin.py:149} WARNING - /home/airflow/.local/lib/python3.7/site-packages/airflow/models/baseoperator.py:429 AirflowProviderDeprecationWarning: `exists_ok` parameter is deprecated, please use `if_exists`
[2025-03-15T23:02:36.827+0000] {processor.py:836} INFO - DAG(s) dict_keys(['postgres_to_bigquery_transfer']) retrieved from /opt/airflow/dags/transfer_to_bq.py
[2025-03-15T23:02:36.927+0000] {logging_mixin.py:149} INFO - [2025-03-15T23:02:36.926+0000] {dag.py:2726} INFO - Sync 1 DAGs
[2025-03-15T23:02:36.977+0000] {logging_mixin.py:149} INFO - [2025-03-15T23:02:36.977+0000] {dag.py:3490} INFO - Setting next_dagrun for postgres_to_bigquery_transfer to None, run_after=None
[2025-03-15T23:02:37.009+0000] {processor.py:179} INFO - Processing /opt/airflow/dags/transfer_to_bq.py took 0.248 seconds
[2025-03-15T23:02:40.343+0000] {processor.py:157} INFO - Started process (PID=277) to work on /opt/airflow/dags/transfer_to_bq.py
[2025-03-15T23:02:40.345+0000] {processor.py:826} INFO - Processing file /opt/airflow/dags/transfer_to_bq.py for tasks to queue
[2025-03-15T23:02:40.354+0000] {logging_mixin.py:149} INFO - [2025-03-15T23:02:40.354+0000] {dagbag.py:541} INFO - Filling up the DagBag from /opt/airflow/dags/transfer_to_bq.py
[2025-03-15T23:02:40.371+0000] {logging_mixin.py:149} WARNING - /home/airflow/.local/lib/python3.7/site-packages/airflow/models/baseoperator.py:429 AirflowProviderDeprecationWarning: `exists_ok` parameter is deprecated, please use `if_exists`
[2025-03-15T23:02:40.391+0000] {processor.py:836} INFO - DAG(s) dict_keys(['postgres_to_bigquery_transfer']) retrieved from /opt/airflow/dags/transfer_to_bq.py
[2025-03-15T23:02:40.426+0000] {logging_mixin.py:149} INFO - [2025-03-15T23:02:40.425+0000] {dag.py:2726} INFO - Sync 1 DAGs
[2025-03-15T23:02:40.447+0000] {logging_mixin.py:149} INFO - [2025-03-15T23:02:40.447+0000] {dag.py:3490} INFO - Setting next_dagrun for postgres_to_bigquery_transfer to None, run_after=None
[2025-03-15T23:02:40.464+0000] {processor.py:179} INFO - Processing /opt/airflow/dags/transfer_to_bq.py took 0.128 seconds
[2025-03-15T23:03:09.719+0000] {processor.py:157} INFO - Started process (PID=172) to work on /opt/airflow/dags/transfer_to_bq.py
[2025-03-15T23:03:09.724+0000] {processor.py:826} INFO - Processing file /opt/airflow/dags/transfer_to_bq.py for tasks to queue
[2025-03-15T23:03:09.732+0000] {logging_mixin.py:149} INFO - [2025-03-15T23:03:09.732+0000] {dagbag.py:541} INFO - Filling up the DagBag from /opt/airflow/dags/transfer_to_bq.py
[2025-03-15T23:03:09.773+0000] {logging_mixin.py:149} WARNING - /home/airflow/.local/lib/python3.7/site-packages/airflow/models/baseoperator.py:429 AirflowProviderDeprecationWarning: `exists_ok` parameter is deprecated, please use `if_exists`
[2025-03-15T23:03:09.850+0000] {processor.py:836} INFO - DAG(s) dict_keys(['postgres_to_bigquery_transfer']) retrieved from /opt/airflow/dags/transfer_to_bq.py
[2025-03-15T23:03:09.917+0000] {logging_mixin.py:149} INFO - [2025-03-15T23:03:09.916+0000] {dag.py:2726} INFO - Sync 1 DAGs
[2025-03-15T23:03:09.989+0000] {logging_mixin.py:149} INFO - [2025-03-15T23:03:09.988+0000] {dag.py:3490} INFO - Setting next_dagrun for postgres_to_bigquery_transfer to None, run_after=None
[2025-03-15T23:03:10.014+0000] {processor.py:179} INFO - Processing /opt/airflow/dags/transfer_to_bq.py took 0.309 seconds
[2025-03-15T23:03:40.991+0000] {processor.py:157} INFO - Started process (PID=187) to work on /opt/airflow/dags/transfer_to_bq.py
[2025-03-15T23:03:40.994+0000] {processor.py:826} INFO - Processing file /opt/airflow/dags/transfer_to_bq.py for tasks to queue
[2025-03-15T23:03:41.013+0000] {logging_mixin.py:149} INFO - [2025-03-15T23:03:41.013+0000] {dagbag.py:541} INFO - Filling up the DagBag from /opt/airflow/dags/transfer_to_bq.py
[2025-03-15T23:03:41.049+0000] {logging_mixin.py:149} WARNING - /home/airflow/.local/lib/python3.7/site-packages/airflow/models/baseoperator.py:429 AirflowProviderDeprecationWarning: `exists_ok` parameter is deprecated, please use `if_exists`
[2025-03-15T23:03:41.112+0000] {processor.py:836} INFO - DAG(s) dict_keys(['postgres_to_bigquery_transfer']) retrieved from /opt/airflow/dags/transfer_to_bq.py
[2025-03-15T23:03:41.575+0000] {logging_mixin.py:149} INFO - [2025-03-15T23:03:41.575+0000] {dag.py:2726} INFO - Sync 1 DAGs
[2025-03-15T23:03:41.587+0000] {logging_mixin.py:149} INFO - [2025-03-15T23:03:41.587+0000] {dag.py:3490} INFO - Setting next_dagrun for postgres_to_bigquery_transfer to None, run_after=None
[2025-03-15T23:03:41.600+0000] {processor.py:179} INFO - Processing /opt/airflow/dags/transfer_to_bq.py took 0.641 seconds
[2025-03-15T23:04:12.083+0000] {processor.py:157} INFO - Started process (PID=202) to work on /opt/airflow/dags/transfer_to_bq.py
[2025-03-15T23:04:12.087+0000] {processor.py:826} INFO - Processing file /opt/airflow/dags/transfer_to_bq.py for tasks to queue
[2025-03-15T23:04:12.090+0000] {logging_mixin.py:149} INFO - [2025-03-15T23:04:12.090+0000] {dagbag.py:541} INFO - Filling up the DagBag from /opt/airflow/dags/transfer_to_bq.py
[2025-03-15T23:04:12.105+0000] {logging_mixin.py:149} WARNING - /home/airflow/.local/lib/python3.7/site-packages/airflow/models/baseoperator.py:429 AirflowProviderDeprecationWarning: `exists_ok` parameter is deprecated, please use `if_exists`
[2025-03-15T23:04:12.127+0000] {processor.py:836} INFO - DAG(s) dict_keys(['postgres_to_bigquery_transfer']) retrieved from /opt/airflow/dags/transfer_to_bq.py
[2025-03-15T23:04:12.191+0000] {logging_mixin.py:149} INFO - [2025-03-15T23:04:12.190+0000] {dag.py:2726} INFO - Sync 1 DAGs
[2025-03-15T23:04:12.219+0000] {logging_mixin.py:149} INFO - [2025-03-15T23:04:12.219+0000] {dag.py:3490} INFO - Setting next_dagrun for postgres_to_bigquery_transfer to None, run_after=None
[2025-03-15T23:04:12.260+0000] {processor.py:179} INFO - Processing /opt/airflow/dags/transfer_to_bq.py took 0.189 seconds
[2025-03-15T23:04:43.278+0000] {processor.py:157} INFO - Started process (PID=217) to work on /opt/airflow/dags/transfer_to_bq.py
[2025-03-15T23:04:43.280+0000] {processor.py:826} INFO - Processing file /opt/airflow/dags/transfer_to_bq.py for tasks to queue
[2025-03-15T23:04:43.288+0000] {logging_mixin.py:149} INFO - [2025-03-15T23:04:43.287+0000] {dagbag.py:541} INFO - Filling up the DagBag from /opt/airflow/dags/transfer_to_bq.py
[2025-03-15T23:04:43.308+0000] {logging_mixin.py:149} WARNING - /home/airflow/.local/lib/python3.7/site-packages/airflow/models/baseoperator.py:429 AirflowProviderDeprecationWarning: `exists_ok` parameter is deprecated, please use `if_exists`
[2025-03-15T23:04:43.330+0000] {processor.py:836} INFO - DAG(s) dict_keys(['postgres_to_bigquery_transfer']) retrieved from /opt/airflow/dags/transfer_to_bq.py
[2025-03-15T23:04:43.496+0000] {logging_mixin.py:149} INFO - [2025-03-15T23:04:43.495+0000] {dag.py:2726} INFO - Sync 1 DAGs
[2025-03-15T23:04:43.513+0000] {logging_mixin.py:149} INFO - [2025-03-15T23:04:43.512+0000] {dag.py:3490} INFO - Setting next_dagrun for postgres_to_bigquery_transfer to None, run_after=None
[2025-03-15T23:04:43.538+0000] {processor.py:179} INFO - Processing /opt/airflow/dags/transfer_to_bq.py took 0.268 seconds
[2025-03-15T23:05:14.264+0000] {processor.py:157} INFO - Started process (PID=232) to work on /opt/airflow/dags/transfer_to_bq.py
[2025-03-15T23:05:14.271+0000] {processor.py:826} INFO - Processing file /opt/airflow/dags/transfer_to_bq.py for tasks to queue
[2025-03-15T23:05:14.278+0000] {logging_mixin.py:149} INFO - [2025-03-15T23:05:14.277+0000] {dagbag.py:541} INFO - Filling up the DagBag from /opt/airflow/dags/transfer_to_bq.py
[2025-03-15T23:05:14.292+0000] {logging_mixin.py:149} WARNING - /home/airflow/.local/lib/python3.7/site-packages/airflow/models/baseoperator.py:429 AirflowProviderDeprecationWarning: `exists_ok` parameter is deprecated, please use `if_exists`
[2025-03-15T23:05:14.314+0000] {processor.py:836} INFO - DAG(s) dict_keys(['postgres_to_bigquery_transfer']) retrieved from /opt/airflow/dags/transfer_to_bq.py
[2025-03-15T23:05:14.353+0000] {logging_mixin.py:149} INFO - [2025-03-15T23:05:14.352+0000] {dag.py:2726} INFO - Sync 1 DAGs
[2025-03-15T23:05:14.377+0000] {logging_mixin.py:149} INFO - [2025-03-15T23:05:14.377+0000] {dag.py:3490} INFO - Setting next_dagrun for postgres_to_bigquery_transfer to None, run_after=None
[2025-03-15T23:05:14.396+0000] {processor.py:179} INFO - Processing /opt/airflow/dags/transfer_to_bq.py took 0.137 seconds
[2025-03-15T23:05:45.169+0000] {processor.py:157} INFO - Started process (PID=247) to work on /opt/airflow/dags/transfer_to_bq.py
[2025-03-15T23:05:45.170+0000] {processor.py:826} INFO - Processing file /opt/airflow/dags/transfer_to_bq.py for tasks to queue
[2025-03-15T23:05:45.175+0000] {logging_mixin.py:149} INFO - [2025-03-15T23:05:45.175+0000] {dagbag.py:541} INFO - Filling up the DagBag from /opt/airflow/dags/transfer_to_bq.py
[2025-03-15T23:05:45.194+0000] {logging_mixin.py:149} WARNING - /home/airflow/.local/lib/python3.7/site-packages/airflow/models/baseoperator.py:429 AirflowProviderDeprecationWarning: `exists_ok` parameter is deprecated, please use `if_exists`
[2025-03-15T23:05:45.212+0000] {processor.py:836} INFO - DAG(s) dict_keys(['postgres_to_bigquery_transfer']) retrieved from /opt/airflow/dags/transfer_to_bq.py
[2025-03-15T23:05:45.354+0000] {logging_mixin.py:149} INFO - [2025-03-15T23:05:45.353+0000] {dag.py:2726} INFO - Sync 1 DAGs
[2025-03-15T23:05:45.369+0000] {logging_mixin.py:149} INFO - [2025-03-15T23:05:45.369+0000] {dag.py:3490} INFO - Setting next_dagrun for postgres_to_bigquery_transfer to None, run_after=None
[2025-03-15T23:05:45.394+0000] {processor.py:179} INFO - Processing /opt/airflow/dags/transfer_to_bq.py took 0.234 seconds
[2025-03-15T23:06:16.298+0000] {processor.py:157} INFO - Started process (PID=262) to work on /opt/airflow/dags/transfer_to_bq.py
[2025-03-15T23:06:16.304+0000] {processor.py:826} INFO - Processing file /opt/airflow/dags/transfer_to_bq.py for tasks to queue
[2025-03-15T23:06:16.312+0000] {logging_mixin.py:149} INFO - [2025-03-15T23:06:16.312+0000] {dagbag.py:541} INFO - Filling up the DagBag from /opt/airflow/dags/transfer_to_bq.py
[2025-03-15T23:06:16.335+0000] {logging_mixin.py:149} WARNING - /home/airflow/.local/lib/python3.7/site-packages/airflow/models/baseoperator.py:429 AirflowProviderDeprecationWarning: `exists_ok` parameter is deprecated, please use `if_exists`
[2025-03-15T23:06:16.359+0000] {processor.py:836} INFO - DAG(s) dict_keys(['postgres_to_bigquery_transfer']) retrieved from /opt/airflow/dags/transfer_to_bq.py
[2025-03-15T23:06:16.604+0000] {logging_mixin.py:149} INFO - [2025-03-15T23:06:16.604+0000] {dag.py:2726} INFO - Sync 1 DAGs
[2025-03-15T23:06:16.650+0000] {logging_mixin.py:149} INFO - [2025-03-15T23:06:16.650+0000] {dag.py:3490} INFO - Setting next_dagrun for postgres_to_bigquery_transfer to None, run_after=None
[2025-03-15T23:06:16.682+0000] {processor.py:179} INFO - Processing /opt/airflow/dags/transfer_to_bq.py took 0.396 seconds
[2025-03-15T23:06:47.745+0000] {processor.py:157} INFO - Started process (PID=277) to work on /opt/airflow/dags/transfer_to_bq.py
[2025-03-15T23:06:47.749+0000] {processor.py:826} INFO - Processing file /opt/airflow/dags/transfer_to_bq.py for tasks to queue
[2025-03-15T23:06:47.778+0000] {logging_mixin.py:149} INFO - [2025-03-15T23:06:47.778+0000] {dagbag.py:541} INFO - Filling up the DagBag from /opt/airflow/dags/transfer_to_bq.py
[2025-03-15T23:06:47.811+0000] {logging_mixin.py:149} WARNING - /home/airflow/.local/lib/python3.7/site-packages/airflow/models/baseoperator.py:429 AirflowProviderDeprecationWarning: `exists_ok` parameter is deprecated, please use `if_exists`
[2025-03-15T23:06:47.842+0000] {processor.py:836} INFO - DAG(s) dict_keys(['postgres_to_bigquery_transfer']) retrieved from /opt/airflow/dags/transfer_to_bq.py
[2025-03-15T23:06:48.071+0000] {logging_mixin.py:149} INFO - [2025-03-15T23:06:48.071+0000] {dag.py:2726} INFO - Sync 1 DAGs
[2025-03-15T23:06:48.092+0000] {logging_mixin.py:149} INFO - [2025-03-15T23:06:48.091+0000] {dag.py:3490} INFO - Setting next_dagrun for postgres_to_bigquery_transfer to None, run_after=None
[2025-03-15T23:06:48.115+0000] {processor.py:179} INFO - Processing /opt/airflow/dags/transfer_to_bq.py took 0.390 seconds
[2025-03-15T23:06:53.370+0000] {processor.py:157} INFO - Started process (PID=292) to work on /opt/airflow/dags/transfer_to_bq.py
[2025-03-15T23:06:53.372+0000] {processor.py:826} INFO - Processing file /opt/airflow/dags/transfer_to_bq.py for tasks to queue
[2025-03-15T23:06:53.381+0000] {logging_mixin.py:149} INFO - [2025-03-15T23:06:53.379+0000] {dagbag.py:541} INFO - Filling up the DagBag from /opt/airflow/dags/transfer_to_bq.py
[2025-03-15T23:06:53.408+0000] {logging_mixin.py:149} WARNING - /home/airflow/.local/lib/python3.7/site-packages/airflow/models/baseoperator.py:429 AirflowProviderDeprecationWarning: `exists_ok` parameter is deprecated, please use `if_exists`
[2025-03-15T23:06:53.435+0000] {processor.py:836} INFO - DAG(s) dict_keys(['pransfer']) retrieved from /opt/airflow/dags/transfer_to_bq.py
[2025-03-15T23:06:53.602+0000] {logging_mixin.py:149} INFO - [2025-03-15T23:06:53.602+0000] {manager.py:504} INFO - Created Permission View: can delete on DAG:pransfer
[2025-03-15T23:06:53.611+0000] {logging_mixin.py:149} INFO - [2025-03-15T23:06:53.611+0000] {manager.py:504} INFO - Created Permission View: can edit on DAG:pransfer
[2025-03-15T23:06:53.615+0000] {logging_mixin.py:149} INFO - [2025-03-15T23:06:53.615+0000] {manager.py:504} INFO - Created Permission View: can read on DAG:pransfer
[2025-03-15T23:06:53.626+0000] {logging_mixin.py:149} INFO - [2025-03-15T23:06:53.626+0000] {dag.py:2726} INFO - Sync 1 DAGs
[2025-03-15T23:06:53.636+0000] {logging_mixin.py:149} INFO - [2025-03-15T23:06:53.636+0000] {dag.py:2747} INFO - Creating ORM DAG for pransfer
[2025-03-15T23:06:53.644+0000] {logging_mixin.py:149} INFO - [2025-03-15T23:06:53.644+0000] {dag.py:3490} INFO - Setting next_dagrun for pransfer to None, run_after=None
[2025-03-15T23:06:53.661+0000] {processor.py:179} INFO - Processing /opt/airflow/dags/transfer_to_bq.py took 0.297 seconds
[2025-03-15T23:06:54.408+0000] {processor.py:157} INFO - Started process (PID=297) to work on /opt/airflow/dags/transfer_to_bq.py
[2025-03-15T23:06:54.410+0000] {processor.py:826} INFO - Processing file /opt/airflow/dags/transfer_to_bq.py for tasks to queue
[2025-03-15T23:06:54.411+0000] {logging_mixin.py:149} INFO - [2025-03-15T23:06:54.411+0000] {dagbag.py:541} INFO - Filling up the DagBag from /opt/airflow/dags/transfer_to_bq.py
[2025-03-15T23:06:54.423+0000] {logging_mixin.py:149} WARNING - /home/airflow/.local/lib/python3.7/site-packages/airflow/models/baseoperator.py:429 AirflowProviderDeprecationWarning: `exists_ok` parameter is deprecated, please use `if_exists`
[2025-03-15T23:06:54.434+0000] {processor.py:836} INFO - DAG(s) dict_keys(['transfer']) retrieved from /opt/airflow/dags/transfer_to_bq.py
[2025-03-15T23:06:54.532+0000] {logging_mixin.py:149} INFO - [2025-03-15T23:06:54.532+0000] {manager.py:504} INFO - Created Permission View: can delete on DAG:transfer
[2025-03-15T23:06:54.537+0000] {logging_mixin.py:149} INFO - [2025-03-15T23:06:54.537+0000] {manager.py:504} INFO - Created Permission View: can edit on DAG:transfer
[2025-03-15T23:06:54.540+0000] {logging_mixin.py:149} INFO - [2025-03-15T23:06:54.540+0000] {manager.py:504} INFO - Created Permission View: can read on DAG:transfer
[2025-03-15T23:06:54.548+0000] {logging_mixin.py:149} INFO - [2025-03-15T23:06:54.547+0000] {dag.py:2726} INFO - Sync 1 DAGs
[2025-03-15T23:06:54.562+0000] {logging_mixin.py:149} INFO - [2025-03-15T23:06:54.562+0000] {dag.py:2747} INFO - Creating ORM DAG for transfer
[2025-03-15T23:06:54.568+0000] {logging_mixin.py:149} INFO - [2025-03-15T23:06:54.568+0000] {dag.py:3490} INFO - Setting next_dagrun for transfer to None, run_after=None
[2025-03-15T23:06:54.578+0000] {processor.py:179} INFO - Processing /opt/airflow/dags/transfer_to_bq.py took 0.173 seconds
[2025-03-15T23:06:58.744+0000] {processor.py:157} INFO - Started process (PID=302) to work on /opt/airflow/dags/transfer_to_bq.py
[2025-03-15T23:06:58.748+0000] {processor.py:826} INFO - Processing file /opt/airflow/dags/transfer_to_bq.py for tasks to queue
[2025-03-15T23:06:58.754+0000] {logging_mixin.py:149} INFO - [2025-03-15T23:06:58.753+0000] {dagbag.py:541} INFO - Filling up the DagBag from /opt/airflow/dags/transfer_to_bq.py
[2025-03-15T23:06:58.782+0000] {logging_mixin.py:149} WARNING - /home/airflow/.local/lib/python3.7/site-packages/airflow/models/baseoperator.py:429 AirflowProviderDeprecationWarning: `exists_ok` parameter is deprecated, please use `if_exists`
[2025-03-15T23:06:58.817+0000] {processor.py:836} INFO - DAG(s) dict_keys(['transfer_to_bq']) retrieved from /opt/airflow/dags/transfer_to_bq.py
[2025-03-15T23:06:58.968+0000] {logging_mixin.py:149} INFO - [2025-03-15T23:06:58.968+0000] {manager.py:504} INFO - Created Permission View: can delete on DAG:transfer_to_bq
[2025-03-15T23:06:58.976+0000] {logging_mixin.py:149} INFO - [2025-03-15T23:06:58.976+0000] {manager.py:504} INFO - Created Permission View: can edit on DAG:transfer_to_bq
[2025-03-15T23:06:58.981+0000] {logging_mixin.py:149} INFO - [2025-03-15T23:06:58.981+0000] {manager.py:504} INFO - Created Permission View: can read on DAG:transfer_to_bq
[2025-03-15T23:06:58.991+0000] {logging_mixin.py:149} INFO - [2025-03-15T23:06:58.991+0000] {dag.py:2726} INFO - Sync 1 DAGs
[2025-03-15T23:06:59.001+0000] {logging_mixin.py:149} INFO - [2025-03-15T23:06:59.001+0000] {dag.py:2747} INFO - Creating ORM DAG for transfer_to_bq
[2025-03-15T23:06:59.008+0000] {logging_mixin.py:149} INFO - [2025-03-15T23:06:59.008+0000] {dag.py:3490} INFO - Setting next_dagrun for transfer_to_bq to None, run_after=None
[2025-03-15T23:06:59.027+0000] {processor.py:179} INFO - Processing /opt/airflow/dags/transfer_to_bq.py took 0.321 seconds
[2025-03-15T23:07:51.489+0000] {processor.py:157} INFO - Started process (PID=171) to work on /opt/airflow/dags/transfer_to_bq.py
[2025-03-15T23:07:51.492+0000] {processor.py:826} INFO - Processing file /opt/airflow/dags/transfer_to_bq.py for tasks to queue
[2025-03-15T23:07:51.498+0000] {logging_mixin.py:149} INFO - [2025-03-15T23:07:51.497+0000] {dagbag.py:541} INFO - Filling up the DagBag from /opt/airflow/dags/transfer_to_bq.py
[2025-03-15T23:07:51.519+0000] {logging_mixin.py:149} WARNING - /home/airflow/.local/lib/python3.7/site-packages/airflow/models/baseoperator.py:429 AirflowProviderDeprecationWarning: `exists_ok` parameter is deprecated, please use `if_exists`
[2025-03-15T23:07:51.557+0000] {processor.py:836} INFO - DAG(s) dict_keys(['transfer_to_bq']) retrieved from /opt/airflow/dags/transfer_to_bq.py
[2025-03-15T23:07:51.601+0000] {logging_mixin.py:149} INFO - [2025-03-15T23:07:51.601+0000] {dag.py:2726} INFO - Sync 1 DAGs
[2025-03-15T23:07:51.638+0000] {logging_mixin.py:149} INFO - [2025-03-15T23:07:51.638+0000] {dag.py:3490} INFO - Setting next_dagrun for transfer_to_bq to None, run_after=None
[2025-03-15T23:07:51.672+0000] {processor.py:179} INFO - Processing /opt/airflow/dags/transfer_to_bq.py took 0.193 seconds
[2025-03-15T23:08:22.474+0000] {processor.py:157} INFO - Started process (PID=186) to work on /opt/airflow/dags/transfer_to_bq.py
[2025-03-15T23:08:22.486+0000] {processor.py:826} INFO - Processing file /opt/airflow/dags/transfer_to_bq.py for tasks to queue
[2025-03-15T23:08:22.517+0000] {logging_mixin.py:149} INFO - [2025-03-15T23:08:22.517+0000] {dagbag.py:541} INFO - Filling up the DagBag from /opt/airflow/dags/transfer_to_bq.py
[2025-03-15T23:08:22.569+0000] {logging_mixin.py:149} WARNING - /home/airflow/.local/lib/python3.7/site-packages/airflow/models/baseoperator.py:429 AirflowProviderDeprecationWarning: `exists_ok` parameter is deprecated, please use `if_exists`
[2025-03-15T23:08:22.623+0000] {processor.py:836} INFO - DAG(s) dict_keys(['transfer_to_bq']) retrieved from /opt/airflow/dags/transfer_to_bq.py
[2025-03-15T23:08:22.770+0000] {logging_mixin.py:149} INFO - [2025-03-15T23:08:22.770+0000] {dag.py:2726} INFO - Sync 1 DAGs
[2025-03-15T23:08:22.807+0000] {logging_mixin.py:149} INFO - [2025-03-15T23:08:22.807+0000] {dag.py:3490} INFO - Setting next_dagrun for transfer_to_bq to None, run_after=None
[2025-03-15T23:08:22.835+0000] {processor.py:179} INFO - Processing /opt/airflow/dags/transfer_to_bq.py took 0.389 seconds
[2025-03-15T23:08:53.468+0000] {processor.py:157} INFO - Started process (PID=201) to work on /opt/airflow/dags/transfer_to_bq.py
[2025-03-15T23:08:53.470+0000] {processor.py:826} INFO - Processing file /opt/airflow/dags/transfer_to_bq.py for tasks to queue
[2025-03-15T23:08:53.472+0000] {logging_mixin.py:149} INFO - [2025-03-15T23:08:53.472+0000] {dagbag.py:541} INFO - Filling up the DagBag from /opt/airflow/dags/transfer_to_bq.py
[2025-03-15T23:08:53.507+0000] {logging_mixin.py:149} WARNING - /home/airflow/.local/lib/python3.7/site-packages/airflow/models/baseoperator.py:429 AirflowProviderDeprecationWarning: `exists_ok` parameter is deprecated, please use `if_exists`
[2025-03-15T23:08:53.571+0000] {processor.py:836} INFO - DAG(s) dict_keys(['transfer_to_bq']) retrieved from /opt/airflow/dags/transfer_to_bq.py
[2025-03-15T23:08:53.763+0000] {logging_mixin.py:149} INFO - [2025-03-15T23:08:53.763+0000] {dag.py:2726} INFO - Sync 1 DAGs
[2025-03-15T23:08:53.846+0000] {logging_mixin.py:149} INFO - [2025-03-15T23:08:53.846+0000] {dag.py:3490} INFO - Setting next_dagrun for transfer_to_bq to None, run_after=None
[2025-03-15T23:08:53.888+0000] {processor.py:179} INFO - Processing /opt/airflow/dags/transfer_to_bq.py took 0.430 seconds
[2025-03-15T23:09:31.052+0000] {processor.py:157} INFO - Started process (PID=325) to work on /opt/airflow/dags/transfer_to_bq.py
[2025-03-15T23:09:31.187+0000] {processor.py:826} INFO - Processing file /opt/airflow/dags/transfer_to_bq.py for tasks to queue
[2025-03-15T23:09:31.329+0000] {logging_mixin.py:149} INFO - [2025-03-15T23:09:31.303+0000] {dagbag.py:541} INFO - Filling up the DagBag from /opt/airflow/dags/transfer_to_bq.py
[2025-03-15T23:09:33.511+0000] {logging_mixin.py:149} WARNING - /home/airflow/.local/lib/python3.7/site-packages/airflow/models/baseoperator.py:429 AirflowProviderDeprecationWarning: `exists_ok` parameter is deprecated, please use `if_exists`
[2025-03-15T23:09:33.811+0000] {processor.py:836} INFO - DAG(s) dict_keys(['transfer_to_bq']) retrieved from /opt/airflow/dags/transfer_to_bq.py
[2025-03-15T23:09:41.934+0000] {logging_mixin.py:149} INFO - [2025-03-15T23:09:41.922+0000] {dag.py:2726} INFO - Sync 1 DAGs
[2025-03-15T23:09:55.747+0000] {processor.py:179} INFO - Processing /opt/airflow/dags/transfer_to_bq.py took 27.484 seconds
[2025-03-15T23:10:40.351+0000] {processor.py:157} INFO - Started process (PID=341) to work on /opt/airflow/dags/transfer_to_bq.py
[2025-03-15T23:10:40.374+0000] {processor.py:826} INFO - Processing file /opt/airflow/dags/transfer_to_bq.py for tasks to queue
[2025-03-15T23:10:40.401+0000] {logging_mixin.py:149} INFO - [2025-03-15T23:10:40.397+0000] {dagbag.py:541} INFO - Filling up the DagBag from /opt/airflow/dags/transfer_to_bq.py
[2025-03-15T23:10:41.128+0000] {logging_mixin.py:149} WARNING - /home/airflow/.local/lib/python3.7/site-packages/airflow/models/baseoperator.py:429 AirflowProviderDeprecationWarning: `exists_ok` parameter is deprecated, please use `if_exists`
[2025-03-15T23:10:46.181+0000] {processor.py:836} INFO - DAG(s) dict_keys(['transfer_to_bq']) retrieved from /opt/airflow/dags/transfer_to_bq.py
[2025-03-15T23:10:47.996+0000] {logging_mixin.py:149} INFO - [2025-03-15T23:10:47.993+0000] {dag.py:2726} INFO - Sync 1 DAGs
[2025-03-15T23:10:48.465+0000] {processor.py:179} INFO - Processing /opt/airflow/dags/transfer_to_bq.py took 8.214 seconds
[2025-03-15T23:11:21.395+0000] {processor.py:157} INFO - Started process (PID=378) to work on /opt/airflow/dags/transfer_to_bq.py
[2025-03-15T23:11:21.453+0000] {processor.py:826} INFO - Processing file /opt/airflow/dags/transfer_to_bq.py for tasks to queue
[2025-03-15T23:11:21.470+0000] {logging_mixin.py:149} INFO - [2025-03-15T23:11:21.468+0000] {dagbag.py:541} INFO - Filling up the DagBag from /opt/airflow/dags/transfer_to_bq.py
[2025-03-15T23:11:21.850+0000] {logging_mixin.py:149} WARNING - /home/airflow/.local/lib/python3.7/site-packages/airflow/models/baseoperator.py:429 AirflowProviderDeprecationWarning: `exists_ok` parameter is deprecated, please use `if_exists`
[2025-03-15T23:11:22.266+0000] {processor.py:836} INFO - DAG(s) dict_keys(['transfer_to_bq']) retrieved from /opt/airflow/dags/transfer_to_bq.py
[2025-03-15T23:11:23.981+0000] {logging_mixin.py:149} INFO - [2025-03-15T23:11:23.963+0000] {dag.py:2726} INFO - Sync 1 DAGs
[2025-03-15T23:11:25.972+0000] {processor.py:179} INFO - Processing /opt/airflow/dags/transfer_to_bq.py took 4.636 seconds
[2025-03-15T23:11:57.163+0000] {processor.py:157} INFO - Started process (PID=393) to work on /opt/airflow/dags/transfer_to_bq.py
[2025-03-15T23:11:57.167+0000] {processor.py:826} INFO - Processing file /opt/airflow/dags/transfer_to_bq.py for tasks to queue
[2025-03-15T23:11:57.170+0000] {logging_mixin.py:149} INFO - [2025-03-15T23:11:57.169+0000] {dagbag.py:541} INFO - Filling up the DagBag from /opt/airflow/dags/transfer_to_bq.py
[2025-03-15T23:11:57.236+0000] {logging_mixin.py:149} WARNING - /home/airflow/.local/lib/python3.7/site-packages/airflow/models/baseoperator.py:429 AirflowProviderDeprecationWarning: `exists_ok` parameter is deprecated, please use `if_exists`
[2025-03-15T23:11:57.294+0000] {processor.py:836} INFO - DAG(s) dict_keys(['transfer_to_bq']) retrieved from /opt/airflow/dags/transfer_to_bq.py
[2025-03-15T23:11:57.406+0000] {logging_mixin.py:149} INFO - [2025-03-15T23:11:57.406+0000] {dag.py:2726} INFO - Sync 1 DAGs
[2025-03-15T23:11:57.509+0000] {processor.py:179} INFO - Processing /opt/airflow/dags/transfer_to_bq.py took 0.364 seconds
[2025-03-15T23:12:28.100+0000] {processor.py:157} INFO - Started process (PID=408) to work on /opt/airflow/dags/transfer_to_bq.py
[2025-03-15T23:12:28.102+0000] {processor.py:826} INFO - Processing file /opt/airflow/dags/transfer_to_bq.py for tasks to queue
[2025-03-15T23:12:28.104+0000] {logging_mixin.py:149} INFO - [2025-03-15T23:12:28.103+0000] {dagbag.py:541} INFO - Filling up the DagBag from /opt/airflow/dags/transfer_to_bq.py
[2025-03-15T23:12:28.131+0000] {logging_mixin.py:149} WARNING - /home/airflow/.local/lib/python3.7/site-packages/airflow/models/baseoperator.py:429 AirflowProviderDeprecationWarning: `exists_ok` parameter is deprecated, please use `if_exists`
[2025-03-15T23:12:28.152+0000] {processor.py:836} INFO - DAG(s) dict_keys(['transfer_to_bq']) retrieved from /opt/airflow/dags/transfer_to_bq.py
[2025-03-15T23:12:28.254+0000] {logging_mixin.py:149} INFO - [2025-03-15T23:12:28.254+0000] {dag.py:2726} INFO - Sync 1 DAGs
[2025-03-15T23:12:28.354+0000] {processor.py:179} INFO - Processing /opt/airflow/dags/transfer_to_bq.py took 0.266 seconds
[2025-03-15T23:12:58.660+0000] {processor.py:157} INFO - Started process (PID=423) to work on /opt/airflow/dags/transfer_to_bq.py
[2025-03-15T23:12:58.667+0000] {processor.py:826} INFO - Processing file /opt/airflow/dags/transfer_to_bq.py for tasks to queue
[2025-03-15T23:12:58.669+0000] {logging_mixin.py:149} INFO - [2025-03-15T23:12:58.669+0000] {dagbag.py:541} INFO - Filling up the DagBag from /opt/airflow/dags/transfer_to_bq.py
[2025-03-15T23:12:58.687+0000] {logging_mixin.py:149} WARNING - /home/airflow/.local/lib/python3.7/site-packages/airflow/models/baseoperator.py:429 AirflowProviderDeprecationWarning: `exists_ok` parameter is deprecated, please use `if_exists`
[2025-03-15T23:12:58.711+0000] {processor.py:836} INFO - DAG(s) dict_keys(['transfer_to_bq']) retrieved from /opt/airflow/dags/transfer_to_bq.py
[2025-03-15T23:12:58.803+0000] {logging_mixin.py:149} INFO - [2025-03-15T23:12:58.802+0000] {dag.py:2726} INFO - Sync 1 DAGs
[2025-03-15T23:12:58.893+0000] {processor.py:179} INFO - Processing /opt/airflow/dags/transfer_to_bq.py took 0.260 seconds
[2025-03-15T23:13:29.597+0000] {processor.py:157} INFO - Started process (PID=438) to work on /opt/airflow/dags/transfer_to_bq.py
[2025-03-15T23:13:29.599+0000] {processor.py:826} INFO - Processing file /opt/airflow/dags/transfer_to_bq.py for tasks to queue
[2025-03-15T23:13:29.600+0000] {logging_mixin.py:149} INFO - [2025-03-15T23:13:29.600+0000] {dagbag.py:541} INFO - Filling up the DagBag from /opt/airflow/dags/transfer_to_bq.py
[2025-03-15T23:13:29.635+0000] {logging_mixin.py:149} WARNING - /home/airflow/.local/lib/python3.7/site-packages/airflow/models/baseoperator.py:429 AirflowProviderDeprecationWarning: `exists_ok` parameter is deprecated, please use `if_exists`
[2025-03-15T23:13:29.660+0000] {processor.py:836} INFO - DAG(s) dict_keys(['transfer_to_bq']) retrieved from /opt/airflow/dags/transfer_to_bq.py
[2025-03-15T23:13:29.732+0000] {logging_mixin.py:149} INFO - [2025-03-15T23:13:29.732+0000] {dag.py:2726} INFO - Sync 1 DAGs
[2025-03-15T23:13:29.808+0000] {processor.py:179} INFO - Processing /opt/airflow/dags/transfer_to_bq.py took 0.223 seconds
[2025-03-15T23:14:00.778+0000] {processor.py:157} INFO - Started process (PID=453) to work on /opt/airflow/dags/transfer_to_bq.py
[2025-03-15T23:14:00.784+0000] {processor.py:826} INFO - Processing file /opt/airflow/dags/transfer_to_bq.py for tasks to queue
[2025-03-15T23:14:00.788+0000] {logging_mixin.py:149} INFO - [2025-03-15T23:14:00.787+0000] {dagbag.py:541} INFO - Filling up the DagBag from /opt/airflow/dags/transfer_to_bq.py
[2025-03-15T23:14:00.851+0000] {logging_mixin.py:149} WARNING - /home/airflow/.local/lib/python3.7/site-packages/airflow/models/baseoperator.py:429 AirflowProviderDeprecationWarning: `exists_ok` parameter is deprecated, please use `if_exists`
[2025-03-15T23:14:00.900+0000] {processor.py:836} INFO - DAG(s) dict_keys(['transfer_to_bq']) retrieved from /opt/airflow/dags/transfer_to_bq.py
[2025-03-15T23:14:01.030+0000] {logging_mixin.py:149} INFO - [2025-03-15T23:14:01.030+0000] {dag.py:2726} INFO - Sync 1 DAGs
[2025-03-15T23:14:01.119+0000] {processor.py:179} INFO - Processing /opt/airflow/dags/transfer_to_bq.py took 0.369 seconds
[2025-03-15T23:14:06.361+0000] {processor.py:157} INFO - Started process (PID=463) to work on /opt/airflow/dags/transfer_to_bq.py
[2025-03-15T23:14:06.366+0000] {processor.py:826} INFO - Processing file /opt/airflow/dags/transfer_to_bq.py for tasks to queue
[2025-03-15T23:14:06.367+0000] {logging_mixin.py:149} INFO - [2025-03-15T23:14:06.367+0000] {dagbag.py:541} INFO - Filling up the DagBag from /opt/airflow/dags/transfer_to_bq.py
[2025-03-15T23:14:06.457+0000] {logging_mixin.py:149} WARNING - /home/airflow/.local/lib/python3.7/site-packages/airflow/models/baseoperator.py:429 AirflowProviderDeprecationWarning: `exists_ok` parameter is deprecated, please use `if_exists`
[2025-03-15T23:14:06.490+0000] {processor.py:836} INFO - DAG(s) dict_keys(['transfer_to_bq']) retrieved from /opt/airflow/dags/transfer_to_bq.py
[2025-03-15T23:14:08.090+0000] {logging_mixin.py:149} INFO - [2025-03-15T23:14:08.085+0000] {dag.py:2726} INFO - Sync 1 DAGs
[2025-03-15T23:14:08.185+0000] {processor.py:179} INFO - Processing /opt/airflow/dags/transfer_to_bq.py took 1.806 seconds
[2025-03-15T23:14:10.512+0000] {processor.py:157} INFO - Started process (PID=474) to work on /opt/airflow/dags/transfer_to_bq.py
[2025-03-15T23:14:10.518+0000] {processor.py:826} INFO - Processing file /opt/airflow/dags/transfer_to_bq.py for tasks to queue
[2025-03-15T23:14:10.520+0000] {logging_mixin.py:149} INFO - [2025-03-15T23:14:10.520+0000] {dagbag.py:541} INFO - Filling up the DagBag from /opt/airflow/dags/transfer_to_bq.py
[2025-03-15T23:14:10.628+0000] {logging_mixin.py:149} INFO - [2025-03-15T23:14:10.539+0000] {dagbag.py:350} ERROR - Failed to import: /opt/airflow/dags/transfer_to_bq.py
Traceback (most recent call last):
  File "/home/airflow/.local/lib/python3.7/site-packages/airflow/models/dagbag.py", line 346, in parse
    loader.exec_module(new_module)
  File "<frozen importlib._bootstrap_external>", line 724, in exec_module
  File "<frozen importlib._bootstrap_external>", line 860, in get_code
  File "<frozen importlib._bootstrap_external>", line 791, in source_to_code
  File "<frozen importlib._bootstrap>", line 219, in _call_with_frames_removed
  File "/opt/airflow/dags/transfer_to_bq.py", line 84
    timeout,
          ^
SyntaxError: invalid syntax
[2025-03-15T23:14:10.632+0000] {processor.py:838} WARNING - No viable dags retrieved from /opt/airflow/dags/transfer_to_bq.py
[2025-03-15T23:14:10.867+0000] {processor.py:179} INFO - Processing /opt/airflow/dags/transfer_to_bq.py took 0.374 seconds
[2025-03-15T23:14:11.789+0000] {processor.py:157} INFO - Started process (PID=479) to work on /opt/airflow/dags/transfer_to_bq.py
[2025-03-15T23:14:11.793+0000] {processor.py:826} INFO - Processing file /opt/airflow/dags/transfer_to_bq.py for tasks to queue
[2025-03-15T23:14:11.794+0000] {logging_mixin.py:149} INFO - [2025-03-15T23:14:11.794+0000] {dagbag.py:541} INFO - Filling up the DagBag from /opt/airflow/dags/transfer_to_bq.py
[2025-03-15T23:14:11.808+0000] {logging_mixin.py:149} INFO - [2025-03-15T23:14:11.800+0000] {dagbag.py:350} ERROR - Failed to import: /opt/airflow/dags/transfer_to_bq.py
Traceback (most recent call last):
  File "/home/airflow/.local/lib/python3.7/site-packages/airflow/models/dagbag.py", line 346, in parse
    loader.exec_module(new_module)
  File "<frozen importlib._bootstrap_external>", line 724, in exec_module
  File "<frozen importlib._bootstrap_external>", line 860, in get_code
  File "<frozen importlib._bootstrap_external>", line 791, in source_to_code
  File "<frozen importlib._bootstrap>", line 219, in _call_with_frames_removed
  File "/opt/airflow/dags/transfer_to_bq.py", line 84
    timeout=,
          ^
SyntaxError: invalid syntax
[2025-03-15T23:14:11.808+0000] {processor.py:838} WARNING - No viable dags retrieved from /opt/airflow/dags/transfer_to_bq.py
[2025-03-15T23:14:11.866+0000] {processor.py:179} INFO - Processing /opt/airflow/dags/transfer_to_bq.py took 0.098 seconds
[2025-03-15T23:14:14.871+0000] {processor.py:157} INFO - Started process (PID=484) to work on /opt/airflow/dags/transfer_to_bq.py
[2025-03-15T23:14:14.874+0000] {processor.py:826} INFO - Processing file /opt/airflow/dags/transfer_to_bq.py for tasks to queue
[2025-03-15T23:14:14.875+0000] {logging_mixin.py:149} INFO - [2025-03-15T23:14:14.875+0000] {dagbag.py:541} INFO - Filling up the DagBag from /opt/airflow/dags/transfer_to_bq.py
[2025-03-15T23:14:14.890+0000] {logging_mixin.py:149} INFO - [2025-03-15T23:14:14.884+0000] {dagbag.py:350} ERROR - Failed to import: /opt/airflow/dags/transfer_to_bq.py
Traceback (most recent call last):
  File "/home/airflow/.local/lib/python3.7/site-packages/airflow/models/dagbag.py", line 346, in parse
    loader.exec_module(new_module)
  File "<frozen importlib._bootstrap_external>", line 724, in exec_module
  File "<frozen importlib._bootstrap_external>", line 860, in get_code
  File "<frozen importlib._bootstrap_external>", line 791, in source_to_code
  File "<frozen importlib._bootstrap>", line 219, in _call_with_frames_removed
  File "/opt/airflow/dags/transfer_to_bq.py", line 84
    timeout=300,
          ^
SyntaxError: invalid syntax
[2025-03-15T23:14:14.891+0000] {processor.py:838} WARNING - No viable dags retrieved from /opt/airflow/dags/transfer_to_bq.py
[2025-03-15T23:14:15.050+0000] {processor.py:179} INFO - Processing /opt/airflow/dags/transfer_to_bq.py took 0.195 seconds
[2025-03-15T23:14:24.283+0000] {processor.py:157} INFO - Started process (PID=489) to work on /opt/airflow/dags/transfer_to_bq.py
[2025-03-15T23:14:24.290+0000] {processor.py:826} INFO - Processing file /opt/airflow/dags/transfer_to_bq.py for tasks to queue
[2025-03-15T23:14:24.291+0000] {logging_mixin.py:149} INFO - [2025-03-15T23:14:24.291+0000] {dagbag.py:541} INFO - Filling up the DagBag from /opt/airflow/dags/transfer_to_bq.py
[2025-03-15T23:14:24.299+0000] {logging_mixin.py:149} INFO - [2025-03-15T23:14:24.297+0000] {dagbag.py:350} ERROR - Failed to import: /opt/airflow/dags/transfer_to_bq.py
Traceback (most recent call last):
  File "/home/airflow/.local/lib/python3.7/site-packages/airflow/models/dagbag.py", line 346, in parse
    loader.exec_module(new_module)
  File "<frozen importlib._bootstrap_external>", line 724, in exec_module
  File "<frozen importlib._bootstrap_external>", line 860, in get_code
  File "<frozen importlib._bootstrap_external>", line 791, in source_to_code
  File "<frozen importlib._bootstrap>", line 219, in _call_with_frames_removed
  File "/opt/airflow/dags/transfer_to_bq.py", line 84
    timeout=,
          ^
SyntaxError: invalid syntax
[2025-03-15T23:14:24.300+0000] {processor.py:838} WARNING - No viable dags retrieved from /opt/airflow/dags/transfer_to_bq.py
[2025-03-15T23:14:24.366+0000] {processor.py:179} INFO - Processing /opt/airflow/dags/transfer_to_bq.py took 0.101 seconds
[2025-03-15T23:14:27.452+0000] {processor.py:157} INFO - Started process (PID=494) to work on /opt/airflow/dags/transfer_to_bq.py
[2025-03-15T23:14:27.454+0000] {processor.py:826} INFO - Processing file /opt/airflow/dags/transfer_to_bq.py for tasks to queue
[2025-03-15T23:14:27.455+0000] {logging_mixin.py:149} INFO - [2025-03-15T23:14:27.455+0000] {dagbag.py:541} INFO - Filling up the DagBag from /opt/airflow/dags/transfer_to_bq.py
[2025-03-15T23:14:27.461+0000] {logging_mixin.py:149} INFO - [2025-03-15T23:14:27.459+0000] {dagbag.py:350} ERROR - Failed to import: /opt/airflow/dags/transfer_to_bq.py
Traceback (most recent call last):
  File "/home/airflow/.local/lib/python3.7/site-packages/airflow/models/dagbag.py", line 346, in parse
    loader.exec_module(new_module)
  File "<frozen importlib._bootstrap_external>", line 724, in exec_module
  File "<frozen importlib._bootstrap_external>", line 860, in get_code
  File "<frozen importlib._bootstrap_external>", line 791, in source_to_code
  File "<frozen importlib._bootstrap>", line 219, in _call_with_frames_removed
  File "/opt/airflow/dags/transfer_to_bq.py", line 84
    timeout=300,
          ^
SyntaxError: invalid syntax
[2025-03-15T23:14:27.462+0000] {processor.py:838} WARNING - No viable dags retrieved from /opt/airflow/dags/transfer_to_bq.py
[2025-03-15T23:14:27.521+0000] {processor.py:179} INFO - Processing /opt/airflow/dags/transfer_to_bq.py took 0.092 seconds
[2025-03-15T23:14:33.785+0000] {processor.py:157} INFO - Started process (PID=504) to work on /opt/airflow/dags/transfer_to_bq.py
[2025-03-15T23:14:33.789+0000] {processor.py:826} INFO - Processing file /opt/airflow/dags/transfer_to_bq.py for tasks to queue
[2025-03-15T23:14:33.790+0000] {logging_mixin.py:149} INFO - [2025-03-15T23:14:33.790+0000] {dagbag.py:541} INFO - Filling up the DagBag from /opt/airflow/dags/transfer_to_bq.py
[2025-03-15T23:14:33.839+0000] {logging_mixin.py:149} WARNING - /home/airflow/.local/lib/python3.7/site-packages/airflow/models/baseoperator.py:429 AirflowProviderDeprecationWarning: `exists_ok` parameter is deprecated, please use `if_exists`
[2025-03-15T23:14:33.855+0000] {logging_mixin.py:149} INFO - [2025-03-15T23:14:33.847+0000] {dagbag.py:350} ERROR - Failed to import: /opt/airflow/dags/transfer_to_bq.py
Traceback (most recent call last):
  File "/home/airflow/.local/lib/python3.7/site-packages/airflow/models/dagbag.py", line 346, in parse
    loader.exec_module(new_module)
  File "<frozen importlib._bootstrap_external>", line 728, in exec_module
  File "<frozen importlib._bootstrap>", line 219, in _call_with_frames_removed
  File "/opt/airflow/dags/transfer_to_bq.py", line 84, in <module>
    timeout=300,
  File "/home/airflow/.local/lib/python3.7/site-packages/airflow/models/baseoperator.py", line 429, in apply_defaults
    result = func(self, **kwargs, default_args=default_args)
  File "/home/airflow/.local/lib/python3.7/site-packages/airflow/providers/google/cloud/transfers/gcs_to_bigquery.py", line 230, in __init__
    super().__init__(**kwargs)
  File "/home/airflow/.local/lib/python3.7/site-packages/airflow/models/baseoperator.py", line 429, in apply_defaults
    result = func(self, **kwargs, default_args=default_args)
  File "/home/airflow/.local/lib/python3.7/site-packages/airflow/models/baseoperator.py", line 789, in __init__
    f"Invalid arguments were passed to {self.__class__.__name__} (task_id: {task_id}). "
airflow.exceptions.AirflowException: Invalid arguments were passed to GCSToBigQueryOperator (task_id: load_customers_to_bigquery). Invalid arguments were:
**kwargs: {'timeout': 300}
[2025-03-15T23:14:33.855+0000] {processor.py:838} WARNING - No viable dags retrieved from /opt/airflow/dags/transfer_to_bq.py
[2025-03-15T23:14:33.912+0000] {processor.py:179} INFO - Processing /opt/airflow/dags/transfer_to_bq.py took 0.145 seconds
[2025-03-15T23:14:35.994+0000] {processor.py:157} INFO - Started process (PID=510) to work on /opt/airflow/dags/transfer_to_bq.py
[2025-03-15T23:14:35.997+0000] {processor.py:826} INFO - Processing file /opt/airflow/dags/transfer_to_bq.py for tasks to queue
[2025-03-15T23:14:35.998+0000] {logging_mixin.py:149} INFO - [2025-03-15T23:14:35.998+0000] {dagbag.py:541} INFO - Filling up the DagBag from /opt/airflow/dags/transfer_to_bq.py
[2025-03-15T23:14:36.039+0000] {logging_mixin.py:149} WARNING - /home/airflow/.local/lib/python3.7/site-packages/airflow/models/baseoperator.py:429 AirflowProviderDeprecationWarning: `exists_ok` parameter is deprecated, please use `if_exists`
[2025-03-15T23:14:36.048+0000] {logging_mixin.py:149} INFO - [2025-03-15T23:14:36.043+0000] {dagbag.py:350} ERROR - Failed to import: /opt/airflow/dags/transfer_to_bq.py
Traceback (most recent call last):
  File "/home/airflow/.local/lib/python3.7/site-packages/airflow/models/dagbag.py", line 346, in parse
    loader.exec_module(new_module)
  File "<frozen importlib._bootstrap_external>", line 728, in exec_module
  File "<frozen importlib._bootstrap>", line 219, in _call_with_frames_removed
  File "/opt/airflow/dags/transfer_to_bq.py", line 84, in <module>
    timeout=300
  File "/home/airflow/.local/lib/python3.7/site-packages/airflow/models/baseoperator.py", line 429, in apply_defaults
    result = func(self, **kwargs, default_args=default_args)
  File "/home/airflow/.local/lib/python3.7/site-packages/airflow/providers/google/cloud/transfers/gcs_to_bigquery.py", line 230, in __init__
    super().__init__(**kwargs)
  File "/home/airflow/.local/lib/python3.7/site-packages/airflow/models/baseoperator.py", line 429, in apply_defaults
    result = func(self, **kwargs, default_args=default_args)
  File "/home/airflow/.local/lib/python3.7/site-packages/airflow/models/baseoperator.py", line 789, in __init__
    f"Invalid arguments were passed to {self.__class__.__name__} (task_id: {task_id}). "
airflow.exceptions.AirflowException: Invalid arguments were passed to GCSToBigQueryOperator (task_id: load_customers_to_bigquery). Invalid arguments were:
**kwargs: {'timeout': 300}
[2025-03-15T23:14:36.048+0000] {processor.py:838} WARNING - No viable dags retrieved from /opt/airflow/dags/transfer_to_bq.py
[2025-03-15T23:14:36.088+0000] {processor.py:179} INFO - Processing /opt/airflow/dags/transfer_to_bq.py took 0.108 seconds
[2025-03-15T23:15:06.238+0000] {processor.py:157} INFO - Started process (PID=175) to work on /opt/airflow/dags/transfer_to_bq.py
[2025-03-15T23:15:06.243+0000] {processor.py:826} INFO - Processing file /opt/airflow/dags/transfer_to_bq.py for tasks to queue
[2025-03-15T23:15:06.276+0000] {logging_mixin.py:149} INFO - [2025-03-15T23:15:06.276+0000] {dagbag.py:541} INFO - Filling up the DagBag from /opt/airflow/dags/transfer_to_bq.py
[2025-03-15T23:15:06.345+0000] {logging_mixin.py:149} WARNING - /home/airflow/.local/lib/python3.7/site-packages/airflow/models/baseoperator.py:429 AirflowProviderDeprecationWarning: `exists_ok` parameter is deprecated, please use `if_exists`
[2025-03-15T23:15:06.548+0000] {logging_mixin.py:149} INFO - [2025-03-15T23:15:06.439+0000] {dagbag.py:350} ERROR - Failed to import: /opt/airflow/dags/transfer_to_bq.py
Traceback (most recent call last):
  File "/home/airflow/.local/lib/python3.7/site-packages/airflow/models/dagbag.py", line 346, in parse
    loader.exec_module(new_module)
  File "<frozen importlib._bootstrap_external>", line 728, in exec_module
  File "<frozen importlib._bootstrap>", line 219, in _call_with_frames_removed
  File "/opt/airflow/dags/transfer_to_bq.py", line 84, in <module>
    timeout=300
  File "/home/airflow/.local/lib/python3.7/site-packages/airflow/models/baseoperator.py", line 429, in apply_defaults
    result = func(self, **kwargs, default_args=default_args)
  File "/home/airflow/.local/lib/python3.7/site-packages/airflow/providers/google/cloud/transfers/gcs_to_bigquery.py", line 230, in __init__
    super().__init__(**kwargs)
  File "/home/airflow/.local/lib/python3.7/site-packages/airflow/models/baseoperator.py", line 429, in apply_defaults
    result = func(self, **kwargs, default_args=default_args)
  File "/home/airflow/.local/lib/python3.7/site-packages/airflow/models/baseoperator.py", line 789, in __init__
    f"Invalid arguments were passed to {self.__class__.__name__} (task_id: {task_id}). "
airflow.exceptions.AirflowException: Invalid arguments were passed to GCSToBigQueryOperator (task_id: load_customers_to_bigquery). Invalid arguments were:
**kwargs: {'timeout': 300}
[2025-03-15T23:15:06.554+0000] {processor.py:838} WARNING - No viable dags retrieved from /opt/airflow/dags/transfer_to_bq.py
[2025-03-15T23:15:06.728+0000] {processor.py:179} INFO - Processing /opt/airflow/dags/transfer_to_bq.py took 0.524 seconds
[2025-03-15T23:15:37.543+0000] {processor.py:157} INFO - Started process (PID=217) to work on /opt/airflow/dags/transfer_to_bq.py
[2025-03-15T23:15:37.546+0000] {processor.py:826} INFO - Processing file /opt/airflow/dags/transfer_to_bq.py for tasks to queue
[2025-03-15T23:15:37.563+0000] {logging_mixin.py:149} INFO - [2025-03-15T23:15:37.563+0000] {dagbag.py:541} INFO - Filling up the DagBag from /opt/airflow/dags/transfer_to_bq.py
[2025-03-15T23:15:37.607+0000] {logging_mixin.py:149} WARNING - /home/airflow/.local/lib/python3.7/site-packages/airflow/models/baseoperator.py:429 AirflowProviderDeprecationWarning: `exists_ok` parameter is deprecated, please use `if_exists`
[2025-03-15T23:15:37.652+0000] {logging_mixin.py:149} INFO - [2025-03-15T23:15:37.617+0000] {dagbag.py:350} ERROR - Failed to import: /opt/airflow/dags/transfer_to_bq.py
Traceback (most recent call last):
  File "/home/airflow/.local/lib/python3.7/site-packages/airflow/models/dagbag.py", line 346, in parse
    loader.exec_module(new_module)
  File "<frozen importlib._bootstrap_external>", line 728, in exec_module
  File "<frozen importlib._bootstrap>", line 219, in _call_with_frames_removed
  File "/opt/airflow/dags/transfer_to_bq.py", line 84, in <module>
    timeout=300
  File "/home/airflow/.local/lib/python3.7/site-packages/airflow/models/baseoperator.py", line 429, in apply_defaults
    result = func(self, **kwargs, default_args=default_args)
  File "/home/airflow/.local/lib/python3.7/site-packages/airflow/providers/google/cloud/transfers/gcs_to_bigquery.py", line 230, in __init__
    super().__init__(**kwargs)
  File "/home/airflow/.local/lib/python3.7/site-packages/airflow/models/baseoperator.py", line 429, in apply_defaults
    result = func(self, **kwargs, default_args=default_args)
  File "/home/airflow/.local/lib/python3.7/site-packages/airflow/models/baseoperator.py", line 789, in __init__
    f"Invalid arguments were passed to {self.__class__.__name__} (task_id: {task_id}). "
airflow.exceptions.AirflowException: Invalid arguments were passed to GCSToBigQueryOperator (task_id: load_customers_to_bigquery). Invalid arguments were:
**kwargs: {'timeout': 300}
[2025-03-15T23:15:37.653+0000] {processor.py:838} WARNING - No viable dags retrieved from /opt/airflow/dags/transfer_to_bq.py
[2025-03-15T23:15:37.830+0000] {processor.py:179} INFO - Processing /opt/airflow/dags/transfer_to_bq.py took 0.312 seconds
[2025-03-15T23:16:08.582+0000] {processor.py:157} INFO - Started process (PID=232) to work on /opt/airflow/dags/transfer_to_bq.py
[2025-03-15T23:16:08.588+0000] {processor.py:826} INFO - Processing file /opt/airflow/dags/transfer_to_bq.py for tasks to queue
[2025-03-15T23:16:08.592+0000] {logging_mixin.py:149} INFO - [2025-03-15T23:16:08.591+0000] {dagbag.py:541} INFO - Filling up the DagBag from /opt/airflow/dags/transfer_to_bq.py
[2025-03-15T23:16:08.669+0000] {logging_mixin.py:149} WARNING - /home/airflow/.local/lib/python3.7/site-packages/airflow/models/baseoperator.py:429 AirflowProviderDeprecationWarning: `exists_ok` parameter is deprecated, please use `if_exists`
[2025-03-15T23:16:08.723+0000] {logging_mixin.py:149} INFO - [2025-03-15T23:16:08.693+0000] {dagbag.py:350} ERROR - Failed to import: /opt/airflow/dags/transfer_to_bq.py
Traceback (most recent call last):
  File "/home/airflow/.local/lib/python3.7/site-packages/airflow/models/dagbag.py", line 346, in parse
    loader.exec_module(new_module)
  File "<frozen importlib._bootstrap_external>", line 728, in exec_module
  File "<frozen importlib._bootstrap>", line 219, in _call_with_frames_removed
  File "/opt/airflow/dags/transfer_to_bq.py", line 84, in <module>
    timeout=300
  File "/home/airflow/.local/lib/python3.7/site-packages/airflow/models/baseoperator.py", line 429, in apply_defaults
    result = func(self, **kwargs, default_args=default_args)
  File "/home/airflow/.local/lib/python3.7/site-packages/airflow/providers/google/cloud/transfers/gcs_to_bigquery.py", line 230, in __init__
    super().__init__(**kwargs)
  File "/home/airflow/.local/lib/python3.7/site-packages/airflow/models/baseoperator.py", line 429, in apply_defaults
    result = func(self, **kwargs, default_args=default_args)
  File "/home/airflow/.local/lib/python3.7/site-packages/airflow/models/baseoperator.py", line 789, in __init__
    f"Invalid arguments were passed to {self.__class__.__name__} (task_id: {task_id}). "
airflow.exceptions.AirflowException: Invalid arguments were passed to GCSToBigQueryOperator (task_id: load_customers_to_bigquery). Invalid arguments were:
**kwargs: {'timeout': 300}
[2025-03-15T23:16:08.724+0000] {processor.py:838} WARNING - No viable dags retrieved from /opt/airflow/dags/transfer_to_bq.py
[2025-03-15T23:16:08.977+0000] {processor.py:179} INFO - Processing /opt/airflow/dags/transfer_to_bq.py took 0.409 seconds
[2025-03-15T23:16:39.589+0000] {processor.py:157} INFO - Started process (PID=247) to work on /opt/airflow/dags/transfer_to_bq.py
[2025-03-15T23:16:39.594+0000] {processor.py:826} INFO - Processing file /opt/airflow/dags/transfer_to_bq.py for tasks to queue
[2025-03-15T23:16:39.603+0000] {logging_mixin.py:149} INFO - [2025-03-15T23:16:39.603+0000] {dagbag.py:541} INFO - Filling up the DagBag from /opt/airflow/dags/transfer_to_bq.py
[2025-03-15T23:16:39.618+0000] {logging_mixin.py:149} WARNING - /home/airflow/.local/lib/python3.7/site-packages/airflow/models/baseoperator.py:429 AirflowProviderDeprecationWarning: `exists_ok` parameter is deprecated, please use `if_exists`
[2025-03-15T23:16:39.627+0000] {logging_mixin.py:149} INFO - [2025-03-15T23:16:39.621+0000] {dagbag.py:350} ERROR - Failed to import: /opt/airflow/dags/transfer_to_bq.py
Traceback (most recent call last):
  File "/home/airflow/.local/lib/python3.7/site-packages/airflow/models/dagbag.py", line 346, in parse
    loader.exec_module(new_module)
  File "<frozen importlib._bootstrap_external>", line 728, in exec_module
  File "<frozen importlib._bootstrap>", line 219, in _call_with_frames_removed
  File "/opt/airflow/dags/transfer_to_bq.py", line 84, in <module>
    timeout=300
  File "/home/airflow/.local/lib/python3.7/site-packages/airflow/models/baseoperator.py", line 429, in apply_defaults
    result = func(self, **kwargs, default_args=default_args)
  File "/home/airflow/.local/lib/python3.7/site-packages/airflow/providers/google/cloud/transfers/gcs_to_bigquery.py", line 230, in __init__
    super().__init__(**kwargs)
  File "/home/airflow/.local/lib/python3.7/site-packages/airflow/models/baseoperator.py", line 429, in apply_defaults
    result = func(self, **kwargs, default_args=default_args)
  File "/home/airflow/.local/lib/python3.7/site-packages/airflow/models/baseoperator.py", line 789, in __init__
    f"Invalid arguments were passed to {self.__class__.__name__} (task_id: {task_id}). "
airflow.exceptions.AirflowException: Invalid arguments were passed to GCSToBigQueryOperator (task_id: load_customers_to_bigquery). Invalid arguments were:
**kwargs: {'timeout': 300}
[2025-03-15T23:16:39.632+0000] {processor.py:838} WARNING - No viable dags retrieved from /opt/airflow/dags/transfer_to_bq.py
[2025-03-15T23:16:39.679+0000] {processor.py:179} INFO - Processing /opt/airflow/dags/transfer_to_bq.py took 0.101 seconds
[2025-03-15T23:17:10.490+0000] {processor.py:157} INFO - Started process (PID=262) to work on /opt/airflow/dags/transfer_to_bq.py
[2025-03-15T23:17:10.499+0000] {processor.py:826} INFO - Processing file /opt/airflow/dags/transfer_to_bq.py for tasks to queue
[2025-03-15T23:17:10.502+0000] {logging_mixin.py:149} INFO - [2025-03-15T23:17:10.501+0000] {dagbag.py:541} INFO - Filling up the DagBag from /opt/airflow/dags/transfer_to_bq.py
[2025-03-15T23:17:10.565+0000] {logging_mixin.py:149} WARNING - /home/airflow/.local/lib/python3.7/site-packages/airflow/models/baseoperator.py:429 AirflowProviderDeprecationWarning: `exists_ok` parameter is deprecated, please use `if_exists`
[2025-03-15T23:17:10.597+0000] {logging_mixin.py:149} INFO - [2025-03-15T23:17:10.575+0000] {dagbag.py:350} ERROR - Failed to import: /opt/airflow/dags/transfer_to_bq.py
Traceback (most recent call last):
  File "/home/airflow/.local/lib/python3.7/site-packages/airflow/models/dagbag.py", line 346, in parse
    loader.exec_module(new_module)
  File "<frozen importlib._bootstrap_external>", line 728, in exec_module
  File "<frozen importlib._bootstrap>", line 219, in _call_with_frames_removed
  File "/opt/airflow/dags/transfer_to_bq.py", line 84, in <module>
    timeout=300
  File "/home/airflow/.local/lib/python3.7/site-packages/airflow/models/baseoperator.py", line 429, in apply_defaults
    result = func(self, **kwargs, default_args=default_args)
  File "/home/airflow/.local/lib/python3.7/site-packages/airflow/providers/google/cloud/transfers/gcs_to_bigquery.py", line 230, in __init__
    super().__init__(**kwargs)
  File "/home/airflow/.local/lib/python3.7/site-packages/airflow/models/baseoperator.py", line 429, in apply_defaults
    result = func(self, **kwargs, default_args=default_args)
  File "/home/airflow/.local/lib/python3.7/site-packages/airflow/models/baseoperator.py", line 789, in __init__
    f"Invalid arguments were passed to {self.__class__.__name__} (task_id: {task_id}). "
airflow.exceptions.AirflowException: Invalid arguments were passed to GCSToBigQueryOperator (task_id: load_customers_to_bigquery). Invalid arguments were:
**kwargs: {'timeout': 300}
[2025-03-15T23:17:10.600+0000] {processor.py:838} WARNING - No viable dags retrieved from /opt/airflow/dags/transfer_to_bq.py
[2025-03-15T23:17:10.720+0000] {processor.py:179} INFO - Processing /opt/airflow/dags/transfer_to_bq.py took 0.273 seconds
[2025-03-15T23:17:41.316+0000] {processor.py:157} INFO - Started process (PID=277) to work on /opt/airflow/dags/transfer_to_bq.py
[2025-03-15T23:17:41.332+0000] {processor.py:826} INFO - Processing file /opt/airflow/dags/transfer_to_bq.py for tasks to queue
[2025-03-15T23:17:41.336+0000] {logging_mixin.py:149} INFO - [2025-03-15T23:17:41.336+0000] {dagbag.py:541} INFO - Filling up the DagBag from /opt/airflow/dags/transfer_to_bq.py
[2025-03-15T23:17:41.366+0000] {logging_mixin.py:149} WARNING - /home/airflow/.local/lib/python3.7/site-packages/airflow/models/baseoperator.py:429 AirflowProviderDeprecationWarning: `exists_ok` parameter is deprecated, please use `if_exists`
[2025-03-15T23:17:41.372+0000] {logging_mixin.py:149} INFO - [2025-03-15T23:17:41.369+0000] {dagbag.py:350} ERROR - Failed to import: /opt/airflow/dags/transfer_to_bq.py
Traceback (most recent call last):
  File "/home/airflow/.local/lib/python3.7/site-packages/airflow/models/dagbag.py", line 346, in parse
    loader.exec_module(new_module)
  File "<frozen importlib._bootstrap_external>", line 728, in exec_module
  File "<frozen importlib._bootstrap>", line 219, in _call_with_frames_removed
  File "/opt/airflow/dags/transfer_to_bq.py", line 84, in <module>
    timeout=300
  File "/home/airflow/.local/lib/python3.7/site-packages/airflow/models/baseoperator.py", line 429, in apply_defaults
    result = func(self, **kwargs, default_args=default_args)
  File "/home/airflow/.local/lib/python3.7/site-packages/airflow/providers/google/cloud/transfers/gcs_to_bigquery.py", line 230, in __init__
    super().__init__(**kwargs)
  File "/home/airflow/.local/lib/python3.7/site-packages/airflow/models/baseoperator.py", line 429, in apply_defaults
    result = func(self, **kwargs, default_args=default_args)
  File "/home/airflow/.local/lib/python3.7/site-packages/airflow/models/baseoperator.py", line 789, in __init__
    f"Invalid arguments were passed to {self.__class__.__name__} (task_id: {task_id}). "
airflow.exceptions.AirflowException: Invalid arguments were passed to GCSToBigQueryOperator (task_id: load_customers_to_bigquery). Invalid arguments were:
**kwargs: {'timeout': 300}
[2025-03-15T23:17:41.373+0000] {processor.py:838} WARNING - No viable dags retrieved from /opt/airflow/dags/transfer_to_bq.py
[2025-03-15T23:17:41.428+0000] {processor.py:179} INFO - Processing /opt/airflow/dags/transfer_to_bq.py took 0.129 seconds
