[2025-03-27T01:09:14.098+0000] {taskinstance.py:1103} INFO - Dependencies all met for dep_context=non-requeueable deps ti=<TaskInstance: load_order_items_postgres_to_bq.postgres_to_gcs manual__2025-03-27T01:09:06.435395+00:00 [queued]>
[2025-03-27T01:09:14.107+0000] {taskinstance.py:1103} INFO - Dependencies all met for dep_context=requeueable deps ti=<TaskInstance: load_order_items_postgres_to_bq.postgres_to_gcs manual__2025-03-27T01:09:06.435395+00:00 [queued]>
[2025-03-27T01:09:14.108+0000] {taskinstance.py:1308} INFO - Starting attempt 1 of 1
[2025-03-27T01:09:14.126+0000] {taskinstance.py:1327} INFO - Executing <Task(PostgresToGCSOperator): postgres_to_gcs> on 2025-03-27 01:09:06.435395+00:00
[2025-03-27T01:09:14.177+0000] {standard_task_runner.py:57} INFO - Started process 3160 to run task
[2025-03-27T01:09:14.185+0000] {standard_task_runner.py:84} INFO - Running: ['airflow', 'tasks', 'run', 'load_order_items_postgres_to_bq', 'postgres_to_gcs', 'manual__2025-03-27T01:09:06.435395+00:00', '--job-id', '53', '--raw', '--subdir', 'DAGS_FOLDER/order_items_to_bq.py', '--cfg-path', '/tmp/tmpbm4roypz']
[2025-03-27T01:09:14.189+0000] {standard_task_runner.py:85} INFO - Job 53: Subtask postgres_to_gcs
[2025-03-27T01:09:14.230+0000] {logging_mixin.py:149} WARNING - /home/airflow/.local/lib/python3.7/site-packages/airflow/settings.py:195 DeprecationWarning: The sql_alchemy_conn option in [core] has been moved to the sql_alchemy_conn option in [database] - the old setting has been used, but please update your config.
[2025-03-27T01:09:14.335+0000] {task_command.py:410} INFO - Running <TaskInstance: load_order_items_postgres_to_bq.postgres_to_gcs manual__2025-03-27T01:09:06.435395+00:00 [running]> on host d0664e8a7014
[2025-03-27T01:09:17.249+0000] {taskinstance.py:1547} INFO - Exporting env vars: AIRFLOW_CTX_DAG_OWNER='Blessing Angus' AIRFLOW_CTX_DAG_ID='load_order_items_postgres_to_bq' AIRFLOW_CTX_TASK_ID='postgres_to_gcs' AIRFLOW_CTX_EXECUTION_DATE='2025-03-27T01:09:06.435395+00:00' AIRFLOW_CTX_TRY_NUMBER='1' AIRFLOW_CTX_DAG_RUN_ID='manual__2025-03-27T01:09:06.435395+00:00'
[2025-03-27T01:09:17.250+0000] {sql_to_gcs.py:155} INFO - Executing query
[2025-03-27T01:09:17.268+0000] {base.py:73} INFO - Using connection ID 'postgres_default' for task execution.
[2025-03-27T01:09:17.614+0000] {sql_to_gcs.py:174} INFO - Writing local data files
[2025-03-27T01:09:20.210+0000] {sql_to_gcs.py:180} INFO - Uploading chunk file #0 to GCS.
[2025-03-27T01:09:20.278+0000] {base.py:73} INFO - Using connection ID 'google_cloud_default' for task execution.
[2025-03-27T01:10:21.425+0000] {gcs.py:538} INFO - File /tmp/tmp6jhuu150 uploaded to postgres_public/order_items/20250327.json in alt-ecommerce-data bucket
[2025-03-27T01:10:21.444+0000] {sql_to_gcs.py:183} INFO - Removing local file
[2025-03-27T01:10:21.692+0000] {taskinstance.py:1350} INFO - Marking task as SUCCESS. dag_id=load_order_items_postgres_to_bq, task_id=postgres_to_gcs, execution_date=20250327T010906, start_date=20250327T010914, end_date=20250327T011021
[2025-03-27T01:10:21.800+0000] {local_task_job_runner.py:225} INFO - Task exited with return code 0
[2025-03-27T01:10:21.885+0000] {taskinstance.py:2653} INFO - 1 downstream tasks scheduled from follow-on schedule check
