[2025-03-27T01:13:26.323+0000] {taskinstance.py:1103} INFO - Dependencies all met for dep_context=non-requeueable deps ti=<TaskInstance: load_sellers_postgres_to_bq.postgres_to_gcs manual__2025-03-27T01:13:23.373030+00:00 [queued]>
[2025-03-27T01:13:26.329+0000] {taskinstance.py:1103} INFO - Dependencies all met for dep_context=requeueable deps ti=<TaskInstance: load_sellers_postgres_to_bq.postgres_to_gcs manual__2025-03-27T01:13:23.373030+00:00 [queued]>
[2025-03-27T01:13:26.329+0000] {taskinstance.py:1308} INFO - Starting attempt 1 of 1
[2025-03-27T01:13:26.345+0000] {taskinstance.py:1327} INFO - Executing <Task(PostgresToGCSOperator): postgres_to_gcs> on 2025-03-27 01:13:23.373030+00:00
[2025-03-27T01:13:26.354+0000] {standard_task_runner.py:57} INFO - Started process 3750 to run task
[2025-03-27T01:13:26.362+0000] {standard_task_runner.py:84} INFO - Running: ['airflow', 'tasks', 'run', 'load_sellers_postgres_to_bq', 'postgres_to_gcs', 'manual__2025-03-27T01:13:23.373030+00:00', '--job-id', '63', '--raw', '--subdir', 'DAGS_FOLDER/sellers_to_bq.py', '--cfg-path', '/tmp/tmpz1m_y3iz']
[2025-03-27T01:13:26.383+0000] {standard_task_runner.py:85} INFO - Job 63: Subtask postgres_to_gcs
[2025-03-27T01:13:26.459+0000] {logging_mixin.py:149} WARNING - /home/airflow/.local/lib/python3.7/site-packages/airflow/settings.py:195 DeprecationWarning: The sql_alchemy_conn option in [core] has been moved to the sql_alchemy_conn option in [database] - the old setting has been used, but please update your config.
[2025-03-27T01:13:26.605+0000] {task_command.py:410} INFO - Running <TaskInstance: load_sellers_postgres_to_bq.postgres_to_gcs manual__2025-03-27T01:13:23.373030+00:00 [running]> on host d0664e8a7014
[2025-03-27T01:13:27.499+0000] {taskinstance.py:1547} INFO - Exporting env vars: AIRFLOW_CTX_DAG_OWNER='Blessing Angus' AIRFLOW_CTX_DAG_ID='load_sellers_postgres_to_bq' AIRFLOW_CTX_TASK_ID='postgres_to_gcs' AIRFLOW_CTX_EXECUTION_DATE='2025-03-27T01:13:23.373030+00:00' AIRFLOW_CTX_TRY_NUMBER='1' AIRFLOW_CTX_DAG_RUN_ID='manual__2025-03-27T01:13:23.373030+00:00'
[2025-03-27T01:13:27.501+0000] {sql_to_gcs.py:155} INFO - Executing query
[2025-03-27T01:13:27.517+0000] {base.py:73} INFO - Using connection ID 'postgres_default' for task execution.
[2025-03-27T01:13:27.525+0000] {sql_to_gcs.py:174} INFO - Writing local data files
[2025-03-27T01:13:27.578+0000] {sql_to_gcs.py:180} INFO - Uploading chunk file #0 to GCS.
[2025-03-27T01:13:27.583+0000] {base.py:73} INFO - Using connection ID 'google_cloud_default' for task execution.
[2025-03-27T01:13:44.189+0000] {gcs.py:538} INFO - File /tmp/tmprdr9_b3p uploaded to postgres_public/sellers/20250327.json in alt-ecommerce-data bucket
[2025-03-27T01:13:44.192+0000] {sql_to_gcs.py:183} INFO - Removing local file
[2025-03-27T01:13:44.247+0000] {taskinstance.py:1350} INFO - Marking task as SUCCESS. dag_id=load_sellers_postgres_to_bq, task_id=postgres_to_gcs, execution_date=20250327T011323, start_date=20250327T011326, end_date=20250327T011344
[2025-03-27T01:13:44.280+0000] {local_task_job_runner.py:225} INFO - Task exited with return code 0
[2025-03-27T01:13:44.339+0000] {taskinstance.py:2653} INFO - 1 downstream tasks scheduled from follow-on schedule check
