[2025-03-15T23:09:22.846+0000] {taskinstance.py:1103} INFO - Dependencies all met for dep_context=non-requeueable deps ti=<TaskInstance: transfer_to_bq.transfer_tasks.export_product_category_name_translation_to_gcs manual__2025-03-15T23:08:59.706367+00:00 [queued]>
[2025-03-15T23:09:22.879+0000] {taskinstance.py:1103} INFO - Dependencies all met for dep_context=requeueable deps ti=<TaskInstance: transfer_to_bq.transfer_tasks.export_product_category_name_translation_to_gcs manual__2025-03-15T23:08:59.706367+00:00 [queued]>
[2025-03-15T23:09:22.880+0000] {taskinstance.py:1308} INFO - Starting attempt 1 of 4
[2025-03-15T23:09:22.942+0000] {taskinstance.py:1327} INFO - Executing <Task(PostgresToGCSOperator): transfer_tasks.export_product_category_name_translation_to_gcs> on 2025-03-15 23:08:59.706367+00:00
[2025-03-15T23:09:23.057+0000] {standard_task_runner.py:57} INFO - Started process 322 to run task
[2025-03-15T23:09:23.108+0000] {standard_task_runner.py:84} INFO - Running: ['airflow', 'tasks', 'run', 'transfer_to_bq', 'transfer_tasks.export_product_category_name_translation_to_gcs', 'manual__2025-03-15T23:08:59.706367+00:00', '--job-id', '42', '--raw', '--subdir', 'DAGS_FOLDER/transfer_to_bq.py', '--cfg-path', '/tmp/tmp6d60i102']
[2025-03-15T23:09:23.233+0000] {standard_task_runner.py:85} INFO - Job 42: Subtask transfer_tasks.export_product_category_name_translation_to_gcs
[2025-03-15T23:09:23.806+0000] {logging_mixin.py:149} WARNING - /home/airflow/.local/lib/python3.7/site-packages/airflow/settings.py:195 DeprecationWarning: The sql_alchemy_conn option in [core] has been moved to the sql_alchemy_conn option in [database] - the old setting has been used, but please update your config.
[2025-03-15T23:09:28.582+0000] {task_command.py:410} INFO - Running <TaskInstance: transfer_to_bq.transfer_tasks.export_product_category_name_translation_to_gcs manual__2025-03-15T23:08:59.706367+00:00 [running]> on host 003eb9c808ff
[2025-03-15T23:09:33.705+0000] {taskinstance.py:1547} INFO - Exporting env vars: AIRFLOW_CTX_DAG_OWNER='airflow' AIRFLOW_CTX_DAG_ID='transfer_to_bq' AIRFLOW_CTX_TASK_ID='transfer_tasks.export_product_category_name_translation_to_gcs' AIRFLOW_CTX_EXECUTION_DATE='2025-03-15T23:08:59.706367+00:00' AIRFLOW_CTX_TRY_NUMBER='1' AIRFLOW_CTX_DAG_RUN_ID='manual__2025-03-15T23:08:59.706367+00:00'
[2025-03-15T23:09:33.745+0000] {sql_to_gcs.py:155} INFO - Executing query
[2025-03-15T23:09:34.088+0000] {base.py:73} INFO - Using connection ID 'postgres_default' for task execution.
[2025-03-15T23:09:34.147+0000] {sql_to_gcs.py:174} INFO - Writing local data files
[2025-03-15T23:09:34.163+0000] {sql_to_gcs.py:180} INFO - Uploading chunk file #0 to GCS.
[2025-03-15T23:09:34.277+0000] {base.py:73} INFO - Using connection ID 'google_cloud_default' for task execution.
[2025-03-15T23:10:27.129+0000] {gcs.py:538} INFO - File /tmp/tmpdw61_194 uploaded to data/product_category_name_translation/product_category_name_translation_2025-03-15.json in alt-ecommerce-data bucket
[2025-03-15T23:10:27.201+0000] {sql_to_gcs.py:183} INFO - Removing local file
[2025-03-15T23:10:36.330+0000] {taskinstance.py:1350} INFO - Marking task as SUCCESS. dag_id=transfer_to_bq, task_id=transfer_tasks.export_product_category_name_translation_to_gcs, execution_date=20250315T230859, start_date=20250315T230922, end_date=20250315T231036
[2025-03-15T23:10:45.768+0000] {local_task_job_runner.py:225} INFO - Task exited with return code 0
[2025-03-15T23:10:47.450+0000] {taskinstance.py:2653} INFO - 0 downstream tasks scheduled from follow-on schedule check
