[2025-03-15T23:09:34.154+0000] {taskinstance.py:1103} INFO - Dependencies all met for dep_context=non-requeueable deps ti=<TaskInstance: transfer_to_bq.transfer_tasks.export_sellers_to_gcs manual__2025-03-15T23:08:59.706367+00:00 [queued]>
[2025-03-15T23:09:34.230+0000] {taskinstance.py:1103} INFO - Dependencies all met for dep_context=requeueable deps ti=<TaskInstance: transfer_to_bq.transfer_tasks.export_sellers_to_gcs manual__2025-03-15T23:08:59.706367+00:00 [queued]>
[2025-03-15T23:09:34.234+0000] {taskinstance.py:1308} INFO - Starting attempt 1 of 4
[2025-03-15T23:09:34.334+0000] {taskinstance.py:1327} INFO - Executing <Task(PostgresToGCSOperator): transfer_tasks.export_sellers_to_gcs> on 2025-03-15 23:08:59.706367+00:00
[2025-03-15T23:09:34.513+0000] {standard_task_runner.py:57} INFO - Started process 331 to run task
[2025-03-15T23:09:34.683+0000] {standard_task_runner.py:84} INFO - Running: ['airflow', 'tasks', 'run', 'transfer_to_bq', 'transfer_tasks.export_sellers_to_gcs', 'manual__2025-03-15T23:08:59.706367+00:00', '--job-id', '45', '--raw', '--subdir', 'DAGS_FOLDER/transfer_to_bq.py', '--cfg-path', '/tmp/tmpis3ok1vq']
[2025-03-15T23:09:35.043+0000] {standard_task_runner.py:85} INFO - Job 45: Subtask transfer_tasks.export_sellers_to_gcs
[2025-03-15T23:09:53.235+0000] {logging_mixin.py:149} WARNING - /home/airflow/.local/lib/python3.7/site-packages/airflow/settings.py:195 DeprecationWarning: The sql_alchemy_conn option in [core] has been moved to the sql_alchemy_conn option in [database] - the old setting has been used, but please update your config.
[2025-03-15T23:09:57.751+0000] {task_command.py:410} INFO - Running <TaskInstance: transfer_to_bq.transfer_tasks.export_sellers_to_gcs manual__2025-03-15T23:08:59.706367+00:00 [running]> on host 003eb9c808ff
[2025-03-15T23:10:00.841+0000] {taskinstance.py:1547} INFO - Exporting env vars: AIRFLOW_CTX_DAG_OWNER='airflow' AIRFLOW_CTX_DAG_ID='transfer_to_bq' AIRFLOW_CTX_TASK_ID='transfer_tasks.export_sellers_to_gcs' AIRFLOW_CTX_EXECUTION_DATE='2025-03-15T23:08:59.706367+00:00' AIRFLOW_CTX_TRY_NUMBER='1' AIRFLOW_CTX_DAG_RUN_ID='manual__2025-03-15T23:08:59.706367+00:00'
[2025-03-15T23:10:00.994+0000] {sql_to_gcs.py:155} INFO - Executing query
[2025-03-15T23:10:04.197+0000] {base.py:73} INFO - Using connection ID 'postgres_default' for task execution.
[2025-03-15T23:10:04.319+0000] {sql_to_gcs.py:174} INFO - Writing local data files
[2025-03-15T23:10:04.394+0000] {sql_to_gcs.py:180} INFO - Uploading chunk file #0 to GCS.
[2025-03-15T23:10:04.475+0000] {base.py:73} INFO - Using connection ID 'google_cloud_default' for task execution.
[2025-03-15T23:10:28.850+0000] {gcs.py:538} INFO - File /tmp/tmp3sntcgjh uploaded to data/sellers/sellers_2025-03-15.json in alt-ecommerce-data bucket
[2025-03-15T23:10:28.900+0000] {sql_to_gcs.py:183} INFO - Removing local file
[2025-03-15T23:10:36.428+0000] {taskinstance.py:1350} INFO - Marking task as SUCCESS. dag_id=transfer_to_bq, task_id=transfer_tasks.export_sellers_to_gcs, execution_date=20250315T230859, start_date=20250315T230934, end_date=20250315T231036
[2025-03-15T23:10:45.819+0000] {local_task_job_runner.py:225} INFO - Task exited with return code 0
[2025-03-15T23:10:46.833+0000] {taskinstance.py:2653} INFO - 0 downstream tasks scheduled from follow-on schedule check
